#
# There is insufficient memory for the Java Runtime Environment to continue.
# Native memory allocation (mmap) failed to map 254803968 bytes for G1 virtual space
# Possible reasons:
#   The system is out of physical RAM or swap space
#   The process is running with CompressedOops enabled, and the Java Heap may be blocking the growth of the native heap
# Possible solutions:
#   Reduce memory load on the system
#   Increase physical memory or swap space
#   Check if swap backing store is full
#   Decrease Java heap size (-Xmx/-Xms)
#   Decrease number of Java threads
#   Decrease Java thread stack sizes (-Xss)
#   Set larger code cache with -XX:ReservedCodeCacheSize=
#   JVM is running with Unscaled Compressed Oops mode in which the Java heap is
#     placed in the first 4GB address space. The Java Heap base address is the
#     maximum limit for the native heap growth. Please use -XX:HeapBaseMinAddress
#     to set the Java Heap base and to place the Java Heap above 4GB virtual address.
# This output file may be truncated or incomplete.
#
#  Out of Memory Error (os_windows.cpp:3527), pid=14960, tid=16080
#
# JRE version: OpenJDK Runtime Environment (19.0.1+10) (build 19.0.1+10-21)
# Java VM: OpenJDK 64-Bit Server VM (19.0.1+10-21, mixed mode, emulated-client, sharing, tiered, compressed oops, compressed class ptrs, g1 gc, windows-amd64)
# No core dump will be written. Minidumps are not enabled by default on client versions of Windows
#

---------------  S U M M A R Y ------------

Command Line: -XX:TieredStopAtLevel=1 -Dspring.output.ansi.enabled=always -Dcom.sun.management.jmxremote -Dspring.jmx.enabled=true -Dspring.liveBeansView.mbeanDomain -Dspring.application.admin.enabled=true -Dmanagement.endpoints.jmx.exposure.include=* -javaagent:C:\Program Files\JetBrains\IntelliJ IDEA 2022.3.1\lib\idea_rt.jar=56977:C:\Program Files\JetBrains\IntelliJ IDEA 2022.3.1\bin -Dfile.encoding=UTF-8 -Dsun.stdout.encoding=UTF-8 -Dsun.stderr.encoding=UTF-8 com.shadoww.BookLibraryApp.BookLibraryAppApplication

Host: Intel(R) Core(TM) i5-9300H CPU @ 2.40GHz, 8 cores, 7G,  Windows 10 , 64 bit Build 19041 (10.0.19041.2364)
Time: Fri Jul 28 19:31:17 2023  Windows 10 , 64 bit Build 19041 (10.0.19041.2364) elapsed time: 392.407991 seconds (0d 0h 6m 32s)

---------------  T H R E A D  ---------------

Current thread (0x000002273b671dd0):  VMThread "VM Thread" [stack: 0x000000502f800000,0x000000502f900000] [id=16080]

Stack: [0x000000502f800000,0x000000502f900000]
Native frames: (J=compiled Java code, j=interpreted, Vv=VM code, C=native code)
V  [jvm.dll+0x6ee8fa]
V  [jvm.dll+0x857a1e]
V  [jvm.dll+0x85940e]
V  [jvm.dll+0x859ac3]
V  [jvm.dll+0x28291f]
V  [jvm.dll+0x6eb6e9]
V  [jvm.dll+0x6e028a]
V  [jvm.dll+0x357136]
V  [jvm.dll+0x35eb96]
V  [jvm.dll+0x3b555e]
V  [jvm.dll+0x3b578f]
V  [jvm.dll+0x32c6ea]
V  [jvm.dll+0x32c797]
V  [jvm.dll+0x374b52]
V  [jvm.dll+0x37328f]
V  [jvm.dll+0x32bf10]
V  [jvm.dll+0x37282b]
V  [jvm.dll+0x85ef83]
V  [jvm.dll+0x85fd49]
V  [jvm.dll+0x86027d]
V  [jvm.dll+0x86070b]
V  [jvm.dll+0x8607c7]
V  [jvm.dll+0x8015fa]
V  [jvm.dll+0x6ed5eb]
C  [ucrtbase.dll+0x21bb2]
C  [KERNEL32.DLL+0x17614]
C  [ntdll.dll+0x526a1]

VM_Operation (0x00000050321fb010): G1CollectForAllocation, mode: safepoint, requested by thread 0x0000022741f2e0a0


---------------  P R O C E S S  ---------------

Threads class SMR info:
_java_thread_list=0x000002274236f0f0, length=32, elements={
0x000002273b68ef30, 0x000002273b690540, 0x000002273b694160, 0x000002273b694d50,
0x000002273b6976a0, 0x000002273b697fd0, 0x000002273b69d630, 0x000002273b6a5fb0,
0x000002273b660850, 0x000002273fbfea60, 0x000002273fd46df0, 0x000002273ffbc560,
0x0000022740b48fe0, 0x000002274136a4a0, 0x000002274136a9e0, 0x000002274136af20,
0x000002274039c460, 0x0000022741f2cb60, 0x0000022741f2eb40, 0x0000022741f2d600,
0x0000022741f2db50, 0x0000022741f2d0b0, 0x0000022741f2f090, 0x0000022741f2f5e0,
0x0000022741f2c0c0, 0x0000022741f2e0a0, 0x00000227422432f0, 0x0000022742240320,
0x000002274223ce00, 0x000002274223fdd0, 0x000002273f8a03f0, 0x000002273fedac30
}

Java Threads: ( => current thread )
  0x000002273b68ef30 JavaThread "Reference Handler" daemon [_thread_blocked, id=8340, stack(0x000000502f900000,0x000000502fa00000)]
  0x000002273b690540 JavaThread "Finalizer" daemon [_thread_blocked, id=2448, stack(0x000000502fa00000,0x000000502fb00000)]
  0x000002273b694160 JavaThread "Signal Dispatcher" daemon [_thread_blocked, id=4388, stack(0x000000502fb00000,0x000000502fc00000)]
  0x000002273b694d50 JavaThread "Attach Listener" daemon [_thread_blocked, id=7776, stack(0x000000502fc00000,0x000000502fd00000)]
  0x000002273b6976a0 JavaThread "Service Thread" daemon [_thread_blocked, id=13668, stack(0x000000502fd00000,0x000000502fe00000)]
  0x000002273b697fd0 JavaThread "Monitor Deflation Thread" daemon [_thread_blocked, id=14672, stack(0x000000502fe00000,0x000000502ff00000)]
  0x000002273b69d630 JavaThread "C1 CompilerThread0" daemon [_thread_blocked, id=3468, stack(0x000000502ff00000,0x0000005030000000)]
  0x000002273b6a5fb0 JavaThread "Sweeper thread" daemon [_thread_blocked, id=12280, stack(0x0000005030000000,0x0000005030100000)]
  0x000002273b660850 JavaThread "Common-Cleaner" daemon [_thread_blocked, id=11944, stack(0x0000005030100000,0x0000005030200000)]
  0x000002273fbfea60 JavaThread "Monitor Ctrl-Break" daemon [_thread_in_native, id=10712, stack(0x0000005030400000,0x0000005030500000)]
  0x000002273fd46df0 JavaThread "Notification Thread" daemon [_thread_blocked, id=5936, stack(0x0000005030500000,0x0000005030600000)]
  0x000002273ffbc560 JavaThread "RMI TCP Accept-0" daemon [_thread_in_native, id=9088, stack(0x0000005030700000,0x0000005030800000)]
  0x0000022740b48fe0 JavaThread "RMI Scheduler(0)" daemon [_thread_blocked, id=3944, stack(0x0000005031200000,0x0000005031300000)]
  0x000002274136a4a0 JavaThread "Catalina-utility-1" [_thread_blocked, id=1184, stack(0x0000005030f00000,0x0000005031000000)]
  0x000002274136a9e0 JavaThread "Catalina-utility-2" [_thread_blocked, id=7780, stack(0x0000005031400000,0x0000005031500000)]
  0x000002274136af20 JavaThread "container-0" [_thread_blocked, id=10176, stack(0x0000005031500000,0x0000005031600000)]
  0x000002274039c460 JavaThread "HikariPool-1 housekeeper" daemon [_thread_blocked, id=14208, stack(0x0000005031700000,0x0000005031800000)]
  0x0000022741f2cb60 JavaThread "http-nio-8080-exec-1" daemon [_thread_blocked, id=1192, stack(0x0000005031900000,0x0000005031a00000)]
  0x0000022741f2eb40 JavaThread "http-nio-8080-exec-2" daemon [_thread_blocked, id=2256, stack(0x0000005031a00000,0x0000005031b00000)]
  0x0000022741f2d600 JavaThread "http-nio-8080-exec-3" daemon [_thread_blocked, id=4524, stack(0x0000005031b00000,0x0000005031c00000)]
  0x0000022741f2db50 JavaThread "http-nio-8080-exec-4" daemon [_thread_blocked, id=13148, stack(0x0000005031c00000,0x0000005031d00000)]
  0x0000022741f2d0b0 JavaThread "http-nio-8080-exec-5" daemon [_thread_blocked, id=10404, stack(0x0000005031d00000,0x0000005031e00000)]
  0x0000022741f2f090 JavaThread "http-nio-8080-exec-6" daemon [_thread_blocked, id=2120, stack(0x0000005031e00000,0x0000005031f00000)]
  0x0000022741f2f5e0 JavaThread "http-nio-8080-exec-7" daemon [_thread_blocked, id=860, stack(0x0000005031f00000,0x0000005032000000)]
  0x0000022741f2c0c0 JavaThread "http-nio-8080-exec-8" daemon [_thread_blocked, id=13844, stack(0x0000005032000000,0x0000005032100000)]
  0x0000022741f2e0a0 JavaThread "http-nio-8080-exec-9" daemon [_thread_blocked, id=12732, stack(0x0000005032100000,0x0000005032200000)]
  0x00000227422432f0 JavaThread "http-nio-8080-exec-10" daemon [_thread_blocked, id=9108, stack(0x0000005032200000,0x0000005032300000)]
  0x0000022742240320 JavaThread "http-nio-8080-Poller" daemon [_thread_blocked, id=1976, stack(0x0000005032300000,0x0000005032400000)]
  0x000002274223ce00 JavaThread "http-nio-8080-Acceptor" daemon [_thread_in_native, id=8000, stack(0x0000005032400000,0x0000005032500000)]
  0x000002274223fdd0 JavaThread "DestroyJavaVM" [_thread_blocked, id=8952, stack(0x000000502f200000,0x000000502f300000)]
  0x000002273f8a03f0 JavaThread "C1 CompilerThread1" daemon [_thread_blocked, id=2160, stack(0x000000502f100000,0x000000502f200000)]
  0x000002273fedac30 JavaThread "C1 CompilerThread2" daemon [_thread_blocked, id=8048, stack(0x0000005030200000,0x0000005030300000)]

Other Threads:
=>0x000002273b671dd0 VMThread "VM Thread" [stack: 0x000000502f800000,0x000000502f900000] [id=16080]
  0x00000227270a3290 WatcherThread "VM Periodic Task Thread" [stack: 0x0000005030800000,0x0000005030900000] [id=14596]
  0x0000022727102af0 WorkerThread "GC Thread#0" [stack: 0x000000502f300000,0x000000502f400000] [id=1620]
  0x00000227402543f0 WorkerThread "GC Thread#1" [stack: 0x0000005030900000,0x0000005030a00000] [id=5848]
  0x00000227402546c0 WorkerThread "GC Thread#2" [stack: 0x0000005030a00000,0x0000005030b00000] [id=11184]
  0x00000227402b3da0 WorkerThread "GC Thread#3" [stack: 0x0000005030b00000,0x0000005030c00000] [id=15572]
  0x00000227402b4480 WorkerThread "GC Thread#4" [stack: 0x0000005030c00000,0x0000005030d00000] [id=2792]
  0x00000227402bd5e0 WorkerThread "GC Thread#5" [stack: 0x0000005030d00000,0x0000005030e00000] [id=12268]
  0x00000227402bd8b0 WorkerThread "GC Thread#6" [stack: 0x0000005030e00000,0x0000005030f00000] [id=5920]
  0x00000227402bd040 WorkerThread "GC Thread#7" [stack: 0x0000005031000000,0x0000005031100000] [id=10360]
  0x0000022727113640 ConcurrentGCThread "G1 Main Marker" [stack: 0x000000502f400000,0x000000502f500000] [id=11180]
  0x0000022727114720 WorkerThread "G1 Conc#0" [stack: 0x000000502f500000,0x000000502f600000] [id=13320]
  0x00000227402bcaa0 WorkerThread "G1 Conc#1" [stack: 0x0000005031300000,0x0000005031400000] [id=3176]
  0x000002272715da70 ConcurrentGCThread "G1 Refine#0" [stack: 0x000000502f600000,0x000000502f700000] [id=5852]
  0x000002272715e4c0 ConcurrentGCThread "G1 Service" [stack: 0x000000502f700000,0x000000502f800000] [id=2784]

Threads with active compile tasks:

VM state: at safepoint (normal execution)

VM Mutex/Monitor currently owned by a thread:  ([mutex/lock_event])
[0x000002272709ebb0] Threads_lock - owner thread: 0x000002273b671dd0
[0x000002272709ea00] Heap_lock - owner thread: 0x0000022741f2e0a0

Heap address: 0x0000000082600000, size: 2010 MB, Compressed Oops mode: 32-bit

CDS archive(s) mapped at: [0x0000000800000000-0x0000000800c30000-0x0000000800c30000), size 12779520, SharedBaseAddress: 0x0000000800000000, ArchiveRelocationMode: 0.
Compressed class space mapped at: 0x0000000801000000-0x0000000841000000, reserved size: 1073741824
Narrow klass base: 0x0000000800000000, Narrow klass shift: 0, Narrow klass range: 0x100000000

GC Precious Log:
 CardTable entry size: 512
 Card Set container configuration: InlinePtr #cards 5 size 8 Array Of Cards #cards 12 size 40 Howl #buckets 4 coarsen threshold 1843 Howl Bitmap #cards 512 size 80 coarsen threshold 460 Card regions per heap region 1 cards per card region 2048
 CPUs: 8 total, 8 available
 Memory: 8034M
 Large Page Support: Disabled
 NUMA Support: Disabled
 Compressed Oops: Enabled (32-bit)
 Heap Region Size: 1M
 Heap Min Capacity: 8M
 Heap Initial Capacity: 126M
 Heap Max Capacity: 2010M
 Pre-touch: Disabled
 Parallel Workers: 8
 Concurrent Workers: 2
 Concurrent Refinement Workers: 8
 Periodic GC: Disabled

Heap:
 garbage-first heap   total 173056K, used 68234K [0x0000000082600000, 0x0000000100000000)
  region size 1024K, 3 young (3072K), 3 survivors (3072K)
 Metaspace       used 71417K, committed 72704K, reserved 1114112K
  class space    used 10035K, committed 10496K, reserved 1048576K

Heap Regions: E=young(eden), S=young(survivor), O=old, HS=humongous(starts), HC=humongous(continues), CS=collection set, F=free, OA=open archive, CA=closed archive, TAMS=top-at-mark-start (previous, next)
|   0|0x0000000082600000, 0x0000000082700000, 0x0000000082700000|100%|HS|  |TAMS 0x0000000082700000, 0x0000000082600000| Complete 
|   1|0x0000000082700000, 0x0000000082800000, 0x0000000082800000|100%| O|  |TAMS 0x0000000082800000, 0x0000000082700000| Untracked 
|   2|0x0000000082800000, 0x0000000082900000, 0x0000000082900000|100%| O|  |TAMS 0x0000000082900000, 0x0000000082800000| Untracked 
|   3|0x0000000082900000, 0x0000000082a00000, 0x0000000082a00000|100%| O|  |TAMS 0x0000000082a00000, 0x0000000082900000| Untracked 
|   4|0x0000000082a00000, 0x0000000082b00000, 0x0000000082b00000|100%| O|  |TAMS 0x0000000082b00000, 0x0000000082a00000| Untracked 
|   5|0x0000000082b00000, 0x0000000082c00000, 0x0000000082c00000|100%| O|  |TAMS 0x0000000082c00000, 0x0000000082b00000| Untracked 
|   6|0x0000000082c00000, 0x0000000082d00000, 0x0000000082d00000|100%| O|  |TAMS 0x0000000082d00000, 0x0000000082c00000| Untracked 
|   7|0x0000000082d00000, 0x0000000082e00000, 0x0000000082e00000|100%| O|  |TAMS 0x0000000082e00000, 0x0000000082d00000| Updating 
|   8|0x0000000082e00000, 0x0000000082f00000, 0x0000000082f00000|100%| O|  |TAMS 0x0000000082f00000, 0x0000000082e00000| Updating 
|   9|0x0000000082f00000, 0x0000000083000000, 0x0000000083000000|100%| O|  |TAMS 0x0000000083000000, 0x0000000082f00000| Updating 
|  10|0x0000000083000000, 0x0000000083100000, 0x0000000083100000|100%| O|  |TAMS 0x0000000083100000, 0x0000000083000000| Updating 
|  11|0x0000000083100000, 0x0000000083200000, 0x0000000083200000|100%| O|  |TAMS 0x0000000083200000, 0x0000000083100000| Updating 
|  12|0x0000000083200000, 0x0000000083300000, 0x0000000083300000|100%| O|  |TAMS 0x0000000083200000, 0x0000000083200000| Untracked 
|  13|0x0000000083300000, 0x0000000083400000, 0x0000000083400000|100%| O|  |TAMS 0x0000000083400000, 0x0000000083300000| Updating 
|  14|0x0000000083400000, 0x0000000083500000, 0x0000000083500000|100%| O|  |TAMS 0x0000000083500000, 0x0000000083400000| Updating 
|  15|0x0000000083500000, 0x0000000083600000, 0x0000000083600000|100%| O|  |TAMS 0x0000000083600000, 0x0000000083500000| Untracked 
|  16|0x0000000083600000, 0x0000000083700000, 0x0000000083700000|100%| O|  |TAMS 0x0000000083600000, 0x0000000083600000| Untracked 
|  17|0x0000000083700000, 0x0000000083800000, 0x0000000083800000|100%| O|  |TAMS 0x0000000083800000, 0x0000000083700000| Updating 
|  18|0x0000000083800000, 0x0000000083900000, 0x0000000083900000|100%| O|  |TAMS 0x0000000083900000, 0x0000000083800000| Untracked 
|  19|0x0000000083900000, 0x0000000083a00000, 0x0000000083a00000|100%| O|  |TAMS 0x0000000083a00000, 0x0000000083900000| Updating 
|  20|0x0000000083a00000, 0x0000000083b00000, 0x0000000083b00000|100%| O|  |TAMS 0x0000000083b00000, 0x0000000083a00000| Updating 
|  21|0x0000000083b00000, 0x0000000083c00000, 0x0000000083c00000|100%| O|  |TAMS 0x0000000083c00000, 0x0000000083b00000| Updating 
|  22|0x0000000083c00000, 0x0000000083d00000, 0x0000000083d00000|100%| O|  |TAMS 0x0000000083d00000, 0x0000000083c00000| Untracked 
|  23|0x0000000083d00000, 0x0000000083e00000, 0x0000000083e00000|100%| O|  |TAMS 0x0000000083e00000, 0x0000000083d00000| Updating 
|  24|0x0000000083e00000, 0x0000000083f00000, 0x0000000083f00000|100%| O|  |TAMS 0x0000000083f00000, 0x0000000083e00000| Updating 
|  25|0x0000000083f00000, 0x0000000084000000, 0x0000000084000000|100%| O|  |TAMS 0x0000000084000000, 0x0000000083f00000| Updating 
|  26|0x0000000084000000, 0x0000000084100000, 0x0000000084100000|100%| O|  |TAMS 0x0000000084100000, 0x0000000084000000| Updating 
|  27|0x0000000084100000, 0x0000000084200000, 0x0000000084200000|100%| O|  |TAMS 0x0000000084200000, 0x0000000084100000| Updating 
|  28|0x0000000084200000, 0x0000000084300000, 0x0000000084300000|100%| O|  |TAMS 0x0000000084300000, 0x0000000084200000| Untracked 
|  29|0x0000000084300000, 0x0000000084400000, 0x0000000084400000|100%| O|  |TAMS 0x0000000084400000, 0x0000000084300000| Updating 
|  30|0x0000000084400000, 0x0000000084500000, 0x0000000084500000|100%| O|  |TAMS 0x0000000084500000, 0x0000000084400000| Updating 
|  31|0x0000000084500000, 0x0000000084600000, 0x0000000084600000|100%| O|  |TAMS 0x0000000084600000, 0x0000000084500000| Updating 
|  32|0x0000000084600000, 0x0000000084700000, 0x0000000084700000|100%| O|  |TAMS 0x0000000084700000, 0x0000000084600000| Untracked 
|  33|0x0000000084700000, 0x0000000084800000, 0x0000000084800000|100%| O|  |TAMS 0x0000000084800000, 0x0000000084700000| Updating 
|  34|0x0000000084800000, 0x0000000084900000, 0x0000000084900000|100%| O|  |TAMS 0x0000000084800000, 0x0000000084800000| Untracked 
|  35|0x0000000084900000, 0x0000000084a00000, 0x0000000084a00000|100%| O|  |TAMS 0x0000000084a00000, 0x0000000084900000| Updating 
|  36|0x0000000084a00000, 0x0000000084b00000, 0x0000000084b00000|100%| O|  |TAMS 0x0000000084b00000, 0x0000000084a00000| Updating 
|  37|0x0000000084b00000, 0x0000000084c00000, 0x0000000084c00000|100%| O|  |TAMS 0x0000000084c00000, 0x0000000084b00000| Updating 
|  38|0x0000000084c00000, 0x0000000084d00000, 0x0000000084d00000|100%| O|  |TAMS 0x0000000084d00000, 0x0000000084c00000| Updating 
|  39|0x0000000084d00000, 0x0000000084e00000, 0x0000000084e00000|100%| O|  |TAMS 0x0000000084e00000, 0x0000000084d00000| Updating 
|  40|0x0000000084e00000, 0x0000000084f00000, 0x0000000084f00000|100%| O|  |TAMS 0x0000000084f00000, 0x0000000084e00000| Updating 
|  41|0x0000000084f00000, 0x0000000085000000, 0x0000000085000000|100%| O|  |TAMS 0x0000000085000000, 0x0000000084f00000| Updating 
|  42|0x0000000085000000, 0x0000000085100000, 0x0000000085100000|100%| O|  |TAMS 0x0000000085100000, 0x0000000085000000| Updating 
|  43|0x0000000085100000, 0x0000000085200000, 0x0000000085200000|100%| O|  |TAMS 0x0000000085200000, 0x0000000085100000| Untracked 
|  44|0x0000000085200000, 0x0000000085300000, 0x0000000085300000|100%| O|  |TAMS 0x0000000085300000, 0x0000000085200000| Updating 
|  45|0x0000000085300000, 0x0000000085400000, 0x0000000085400000|100%| O|  |TAMS 0x0000000085300000, 0x0000000085300000| Updating 
|  46|0x0000000085400000, 0x0000000085500000, 0x0000000085500000|100%| O|  |TAMS 0x0000000085500000, 0x0000000085400000| Updating 
|  47|0x0000000085500000, 0x0000000085600000, 0x0000000085600000|100%| O|  |TAMS 0x0000000085600000, 0x0000000085500000| Updating 
|  48|0x0000000085600000, 0x0000000085700000, 0x0000000085700000|100%| O|  |TAMS 0x0000000085700000, 0x0000000085600000| Updating 
|  49|0x0000000085700000, 0x0000000085800000, 0x0000000085800000|100%| O|  |TAMS 0x00000000857b8a00, 0x0000000085700000| Updating 
|  50|0x0000000085800000, 0x0000000085900000, 0x0000000085900000|100%|HS|  |TAMS 0x0000000085800000, 0x0000000085800000| Complete 
|  51|0x0000000085900000, 0x0000000085a00000, 0x0000000085a00000|100%|HS|  |TAMS 0x0000000085900000, 0x0000000085900000| Complete 
|  52|0x0000000085a00000, 0x0000000085abc400, 0x0000000085b00000| 73%| O|  |TAMS 0x0000000085a00000, 0x0000000085a00000| Untracked 
|  53|0x0000000085b00000, 0x0000000085b00000, 0x0000000085c00000|  0%| F|  |TAMS 0x0000000085b00000, 0x0000000085b00000| Untracked 
|  54|0x0000000085c00000, 0x0000000085c00000, 0x0000000085d00000|  0%| F|  |TAMS 0x0000000085c00000, 0x0000000085c00000| Untracked 
|  55|0x0000000085d00000, 0x0000000085d00000, 0x0000000085e00000|  0%| F|  |TAMS 0x0000000085d00000, 0x0000000085d00000| Untracked 
|  56|0x0000000085e00000, 0x0000000085e00000, 0x0000000085f00000|  0%| F|  |TAMS 0x0000000085e00000, 0x0000000085e00000| Untracked 
|  57|0x0000000085f00000, 0x0000000085f00000, 0x0000000086000000|  0%| F|  |TAMS 0x0000000085f00000, 0x0000000085f00000| Untracked 
|  58|0x0000000086000000, 0x0000000086000000, 0x0000000086100000|  0%| F|  |TAMS 0x0000000086000000, 0x0000000086000000| Untracked 
|  59|0x0000000086100000, 0x0000000086100000, 0x0000000086200000|  0%| F|  |TAMS 0x0000000086100000, 0x0000000086100000| Untracked 
|  60|0x0000000086200000, 0x0000000086200000, 0x0000000086300000|  0%| F|  |TAMS 0x0000000086200000, 0x0000000086200000| Untracked 
|  61|0x0000000086300000, 0x0000000086400000, 0x0000000086400000|100%| O|  |TAMS 0x0000000086400000, 0x0000000086300000| Updating 
|  62|0x0000000086400000, 0x0000000086400000, 0x0000000086500000|  0%| F|  |TAMS 0x0000000086400000, 0x0000000086400000| Untracked 
|  63|0x0000000086500000, 0x0000000086500000, 0x0000000086600000|  0%| F|  |TAMS 0x0000000086500000, 0x0000000086500000| Untracked 
|  64|0x0000000086600000, 0x0000000086600000, 0x0000000086700000|  0%| F|  |TAMS 0x0000000086600000, 0x0000000086600000| Untracked 
|  65|0x0000000086700000, 0x0000000086700000, 0x0000000086800000|  0%| F|  |TAMS 0x0000000086700000, 0x0000000086700000| Untracked 
|  66|0x0000000086800000, 0x0000000086800000, 0x0000000086900000|  0%| F|  |TAMS 0x0000000086800000, 0x0000000086800000| Untracked 
|  67|0x0000000086900000, 0x0000000086a00000, 0x0000000086a00000|100%| O|  |TAMS 0x0000000086a00000, 0x0000000086900000| Updating 
|  68|0x0000000086a00000, 0x0000000086a00000, 0x0000000086b00000|  0%| F|  |TAMS 0x0000000086a00000, 0x0000000086a00000| Untracked 
|  69|0x0000000086b00000, 0x0000000086b00000, 0x0000000086c00000|  0%| F|  |TAMS 0x0000000086b00000, 0x0000000086b00000| Untracked 
|  70|0x0000000086c00000, 0x0000000086c00000, 0x0000000086d00000|  0%| F|  |TAMS 0x0000000086c00000, 0x0000000086c00000| Untracked 
|  71|0x0000000086d00000, 0x0000000086d00000, 0x0000000086e00000|  0%| F|  |TAMS 0x0000000086d00000, 0x0000000086d00000| Untracked 
|  72|0x0000000086e00000, 0x0000000086f00000, 0x0000000086f00000|100%| O|  |TAMS 0x0000000086f00000, 0x0000000086e00000| Updating 
|  73|0x0000000086f00000, 0x0000000086f00000, 0x0000000087000000|  0%| F|  |TAMS 0x0000000086f00000, 0x0000000086f00000| Untracked 
|  74|0x0000000087000000, 0x0000000087000000, 0x0000000087100000|  0%| F|  |TAMS 0x0000000087000000, 0x0000000087000000| Untracked 
|  75|0x0000000087100000, 0x0000000087100000, 0x0000000087200000|  0%| F|  |TAMS 0x0000000087100000, 0x0000000087100000| Untracked 
|  76|0x0000000087200000, 0x0000000087300000, 0x0000000087300000|100%| O|  |TAMS 0x0000000087300000, 0x0000000087200000| Updating 
|  77|0x0000000087300000, 0x0000000087300000, 0x0000000087400000|  0%| F|  |TAMS 0x0000000087300000, 0x0000000087300000| Untracked 
|  78|0x0000000087400000, 0x0000000087400000, 0x0000000087500000|  0%| F|  |TAMS 0x0000000087400000, 0x0000000087400000| Untracked 
|  79|0x0000000087500000, 0x0000000087500000, 0x0000000087600000|  0%| F|  |TAMS 0x0000000087500000, 0x0000000087500000| Untracked 
|  80|0x0000000087600000, 0x0000000087600000, 0x0000000087700000|  0%| F|  |TAMS 0x0000000087600000, 0x0000000087600000| Untracked 
|  81|0x0000000087700000, 0x0000000087700000, 0x0000000087800000|  0%| F|  |TAMS 0x0000000087700000, 0x0000000087700000| Untracked 
|  82|0x0000000087800000, 0x0000000087800000, 0x0000000087900000|  0%| F|  |TAMS 0x0000000087800000, 0x0000000087800000| Untracked 
|  83|0x0000000087900000, 0x0000000087900000, 0x0000000087a00000|  0%| F|  |TAMS 0x0000000087900000, 0x0000000087900000| Untracked 
|  84|0x0000000087a00000, 0x0000000087a00000, 0x0000000087b00000|  0%| F|  |TAMS 0x0000000087a00000, 0x0000000087a00000| Untracked 
|  85|0x0000000087b00000, 0x0000000087c00000, 0x0000000087c00000|100%| O|  |TAMS 0x0000000087c00000, 0x0000000087b00000| Updating 
|  86|0x0000000087c00000, 0x0000000087d00000, 0x0000000087d00000|100%| O|  |TAMS 0x0000000087d00000, 0x0000000087c00000| Updating 
|  87|0x0000000087d00000, 0x0000000087d00000, 0x0000000087e00000|  0%| F|  |TAMS 0x0000000087d00000, 0x0000000087d00000| Untracked 
|  88|0x0000000087e00000, 0x0000000087e00000, 0x0000000087f00000|  0%| F|  |TAMS 0x0000000087e00000, 0x0000000087e00000| Untracked 
|  89|0x0000000087f00000, 0x0000000088000000, 0x0000000088000000|100%| O|  |TAMS 0x0000000088000000, 0x0000000087f00000| Updating 
|  90|0x0000000088000000, 0x0000000088000000, 0x0000000088100000|  0%| F|  |TAMS 0x0000000088000000, 0x0000000088000000| Untracked 
|  91|0x0000000088100000, 0x0000000088100000, 0x0000000088200000|  0%| F|  |TAMS 0x0000000088100000, 0x0000000088100000| Untracked 
|  92|0x0000000088200000, 0x0000000088200000, 0x0000000088300000|  0%| F|  |TAMS 0x0000000088200000, 0x0000000088200000| Untracked 
|  93|0x0000000088300000, 0x0000000088300000, 0x0000000088400000|  0%| F|  |TAMS 0x0000000088300000, 0x0000000088300000| Untracked 
|  94|0x0000000088400000, 0x0000000088400000, 0x0000000088500000|  0%| F|  |TAMS 0x0000000088400000, 0x0000000088400000| Untracked 
|  95|0x0000000088500000, 0x0000000088500000, 0x0000000088600000|  0%| F|  |TAMS 0x0000000088500000, 0x0000000088500000| Untracked 
|  96|0x0000000088600000, 0x0000000088600000, 0x0000000088700000|  0%| F|  |TAMS 0x0000000088600000, 0x0000000088600000| Untracked 
|  97|0x0000000088700000, 0x0000000088700000, 0x0000000088800000|  0%| F|  |TAMS 0x0000000088700000, 0x0000000088700000| Untracked 
|  98|0x0000000088800000, 0x0000000088800000, 0x0000000088900000|  0%| F|  |TAMS 0x0000000088800000, 0x0000000088800000| Untracked 
|  99|0x0000000088900000, 0x0000000088900000, 0x0000000088a00000|  0%| F|  |TAMS 0x0000000088900000, 0x0000000088900000| Untracked 
| 100|0x0000000088a00000, 0x0000000088a00000, 0x0000000088b00000|  0%| F|  |TAMS 0x0000000088a00000, 0x0000000088a00000| Untracked 
| 101|0x0000000088b00000, 0x0000000088b00000, 0x0000000088c00000|  0%| F|  |TAMS 0x0000000088b00000, 0x0000000088b00000| Untracked 
| 102|0x0000000088c00000, 0x0000000088c00000, 0x0000000088d00000|  0%| F|  |TAMS 0x0000000088c00000, 0x0000000088c00000| Untracked 
| 103|0x0000000088d00000, 0x0000000088d00000, 0x0000000088e00000|  0%| F|  |TAMS 0x0000000088d00000, 0x0000000088d00000| Untracked 
| 104|0x0000000088e00000, 0x0000000088e00000, 0x0000000088f00000|  0%| F|  |TAMS 0x0000000088e00000, 0x0000000088e00000| Untracked 
| 105|0x0000000088f00000, 0x0000000088f00000, 0x0000000089000000|  0%| F|  |TAMS 0x0000000088f00000, 0x0000000088f00000| Untracked 
| 106|0x0000000089000000, 0x0000000089000000, 0x0000000089100000|  0%| F|  |TAMS 0x0000000089000000, 0x0000000089000000| Untracked 
| 107|0x0000000089100000, 0x0000000089100000, 0x0000000089200000|  0%| F|  |TAMS 0x0000000089100000, 0x0000000089100000| Untracked 
| 108|0x0000000089200000, 0x0000000089200000, 0x0000000089300000|  0%| F|  |TAMS 0x0000000089200000, 0x0000000089200000| Untracked 
| 109|0x0000000089300000, 0x0000000089300000, 0x0000000089400000|  0%| F|  |TAMS 0x0000000089300000, 0x0000000089300000| Untracked 
| 110|0x0000000089400000, 0x0000000089400000, 0x0000000089500000|  0%| F|  |TAMS 0x0000000089400000, 0x0000000089400000| Untracked 
| 111|0x0000000089500000, 0x0000000089500000, 0x0000000089600000|  0%| F|  |TAMS 0x0000000089500000, 0x0000000089500000| Untracked 
| 112|0x0000000089600000, 0x0000000089600000, 0x0000000089700000|  0%| F|  |TAMS 0x0000000089600000, 0x0000000089600000| Untracked 
| 113|0x0000000089700000, 0x0000000089700000, 0x0000000089800000|  0%| F|  |TAMS 0x0000000089700000, 0x0000000089700000| Untracked 
| 114|0x0000000089800000, 0x0000000089800000, 0x0000000089900000|  0%| F|  |TAMS 0x0000000089800000, 0x0000000089800000| Untracked 
| 115|0x0000000089900000, 0x0000000089900000, 0x0000000089a00000|  0%| F|  |TAMS 0x0000000089900000, 0x0000000089900000| Untracked 
| 116|0x0000000089a00000, 0x0000000089a00000, 0x0000000089b00000|  0%| F|  |TAMS 0x0000000089a00000, 0x0000000089a00000| Untracked 
| 117|0x0000000089b00000, 0x0000000089b00000, 0x0000000089c00000|  0%| F|  |TAMS 0x0000000089b00000, 0x0000000089b00000| Untracked 
| 118|0x0000000089c00000, 0x0000000089c00000, 0x0000000089d00000|  0%| F|  |TAMS 0x0000000089c00000, 0x0000000089c00000| Untracked 
| 119|0x0000000089d00000, 0x0000000089d00000, 0x0000000089e00000|  0%| F|  |TAMS 0x0000000089d00000, 0x0000000089d00000| Untracked 
| 120|0x0000000089e00000, 0x0000000089e00000, 0x0000000089f00000|  0%| F|  |TAMS 0x0000000089e00000, 0x0000000089e00000| Untracked 
| 121|0x0000000089f00000, 0x0000000089f00000, 0x000000008a000000|  0%| F|  |TAMS 0x0000000089f00000, 0x0000000089f00000| Untracked 
| 122|0x000000008a000000, 0x000000008a000000, 0x000000008a100000|  0%| F|  |TAMS 0x000000008a000000, 0x000000008a000000| Untracked 
| 123|0x000000008a100000, 0x000000008a100000, 0x000000008a200000|  0%| F|  |TAMS 0x000000008a100000, 0x000000008a100000| Untracked 
| 124|0x000000008a200000, 0x000000008a200000, 0x000000008a300000|  0%| F|  |TAMS 0x000000008a200000, 0x000000008a200000| Untracked 
| 125|0x000000008a300000, 0x000000008a300000, 0x000000008a400000|  0%| F|  |TAMS 0x000000008a300000, 0x000000008a300000| Untracked 
| 126|0x000000008a400000, 0x000000008a400000, 0x000000008a500000|  0%| F|  |TAMS 0x000000008a400000, 0x000000008a400000| Untracked 
| 127|0x000000008a500000, 0x000000008a500000, 0x000000008a600000|  0%| F|  |TAMS 0x000000008a500000, 0x000000008a500000| Untracked 
| 128|0x000000008a600000, 0x000000008a600000, 0x000000008a700000|  0%| F|  |TAMS 0x000000008a600000, 0x000000008a600000| Untracked 
| 129|0x000000008a700000, 0x000000008a700000, 0x000000008a800000|  0%| F|  |TAMS 0x000000008a700000, 0x000000008a700000| Untracked 
| 130|0x000000008a800000, 0x000000008a800000, 0x000000008a900000|  0%| F|  |TAMS 0x000000008a800000, 0x000000008a800000| Untracked 
| 131|0x000000008a900000, 0x000000008a900000, 0x000000008aa00000|  0%| F|  |TAMS 0x000000008a900000, 0x000000008a900000| Untracked 
| 132|0x000000008aa00000, 0x000000008aa00000, 0x000000008ab00000|  0%| F|  |TAMS 0x000000008aa00000, 0x000000008aa00000| Untracked 
| 133|0x000000008ab00000, 0x000000008ab00000, 0x000000008ac00000|  0%| F|  |TAMS 0x000000008ab00000, 0x000000008ab00000| Untracked 
| 134|0x000000008ac00000, 0x000000008ac00000, 0x000000008ad00000|  0%| F|  |TAMS 0x000000008ac00000, 0x000000008ac00000| Untracked 
| 135|0x000000008ad00000, 0x000000008ad00000, 0x000000008ae00000|  0%| F|  |TAMS 0x000000008ad00000, 0x000000008ad00000| Untracked 
| 136|0x000000008ae00000, 0x000000008ae00000, 0x000000008af00000|  0%| F|  |TAMS 0x000000008ae00000, 0x000000008ae00000| Untracked 
| 137|0x000000008af00000, 0x000000008af00000, 0x000000008b000000|  0%| F|  |TAMS 0x000000008af00000, 0x000000008af00000| Untracked 
| 138|0x000000008b000000, 0x000000008b000000, 0x000000008b100000|  0%| F|  |TAMS 0x000000008b000000, 0x000000008b000000| Untracked 
| 139|0x000000008b100000, 0x000000008b100000, 0x000000008b200000|  0%| F|  |TAMS 0x000000008b100000, 0x000000008b100000| Untracked 
| 140|0x000000008b200000, 0x000000008b200000, 0x000000008b300000|  0%| F|  |TAMS 0x000000008b200000, 0x000000008b200000| Untracked 
| 141|0x000000008b300000, 0x000000008b300000, 0x000000008b400000|  0%| F|  |TAMS 0x000000008b300000, 0x000000008b300000| Untracked 
| 142|0x000000008b400000, 0x000000008b400000, 0x000000008b500000|  0%| F|  |TAMS 0x000000008b400000, 0x000000008b400000| Untracked 
| 143|0x000000008b500000, 0x000000008b500000, 0x000000008b600000|  0%| F|  |TAMS 0x000000008b500000, 0x000000008b500000| Untracked 
| 144|0x000000008b600000, 0x000000008b600000, 0x000000008b700000|  0%| F|  |TAMS 0x000000008b600000, 0x000000008b600000| Untracked 
| 145|0x000000008b700000, 0x000000008b700000, 0x000000008b800000|  0%| F|  |TAMS 0x000000008b700000, 0x000000008b700000| Untracked 
| 146|0x000000008b800000, 0x000000008b800000, 0x000000008b900000|  0%| F|  |TAMS 0x000000008b800000, 0x000000008b800000| Untracked 
| 147|0x000000008b900000, 0x000000008b900000, 0x000000008ba00000|  0%| F|  |TAMS 0x000000008b900000, 0x000000008b900000| Untracked 
| 148|0x000000008ba00000, 0x000000008ba00000, 0x000000008bb00000|  0%| F|  |TAMS 0x000000008ba00000, 0x000000008ba00000| Untracked 
|1990|0x00000000fec00000, 0x00000000fed00000, 0x00000000fed00000|100%| O|  |TAMS 0x00000000fed00000, 0x00000000fec00000| Updating 
|1991|0x00000000fed00000, 0x00000000fee00000, 0x00000000fee00000|100%| O|  |TAMS 0x00000000fee00000, 0x00000000fed00000| Updating 
|1992|0x00000000fee00000, 0x00000000fee00000, 0x00000000fef00000|  0%| F|  |TAMS 0x00000000fee00000, 0x00000000fee00000| Untracked 
|1993|0x00000000fef00000, 0x00000000fefe65c0, 0x00000000ff000000| 89%| S|CS|TAMS 0x00000000fef00000, 0x00000000fef00000| Complete 
|1994|0x00000000ff000000, 0x00000000ff100000, 0x00000000ff100000|100%| S|CS|TAMS 0x00000000ff000000, 0x00000000ff000000| Complete 
|1995|0x00000000ff100000, 0x00000000ff200000, 0x00000000ff200000|100%| S|CS|TAMS 0x00000000ff100000, 0x00000000ff100000| Complete 
|1996|0x00000000ff200000, 0x00000000ff200000, 0x00000000ff300000|  0%| F|  |TAMS 0x00000000ff200000, 0x00000000ff200000| Untracked 
|1997|0x00000000ff300000, 0x00000000ff300000, 0x00000000ff400000|  0%| F|  |TAMS 0x00000000ff300000, 0x00000000ff300000| Untracked 
|1998|0x00000000ff400000, 0x00000000ff400000, 0x00000000ff500000|  0%| F|  |TAMS 0x00000000ff400000, 0x00000000ff400000| Untracked 
|1999|0x00000000ff500000, 0x00000000ff500000, 0x00000000ff600000|  0%| F|  |TAMS 0x00000000ff500000, 0x00000000ff500000| Untracked 
|2000|0x00000000ff600000, 0x00000000ff700000, 0x00000000ff700000|100%| O|  |TAMS 0x00000000ff700000, 0x00000000ff600000| Updating 
|2001|0x00000000ff700000, 0x00000000ff800000, 0x00000000ff800000|100%| O|  |TAMS 0x00000000ff800000, 0x00000000ff700000| Updating 
|2002|0x00000000ff800000, 0x00000000ff800000, 0x00000000ff900000|  0%| F|  |TAMS 0x00000000ff800000, 0x00000000ff800000| Untracked 
|2003|0x00000000ff900000, 0x00000000ff900000, 0x00000000ffa00000|  0%| F|  |TAMS 0x00000000ff900000, 0x00000000ff900000| Untracked 
|2004|0x00000000ffa00000, 0x00000000ffa00000, 0x00000000ffb00000|  0%| F|  |TAMS 0x00000000ffa00000, 0x00000000ffa00000| Untracked 
|2005|0x00000000ffb00000, 0x00000000ffb00000, 0x00000000ffc00000|  0%| F|  |TAMS 0x00000000ffb00000, 0x00000000ffb00000| Untracked 
|2006|0x00000000ffc00000, 0x00000000ffc00000, 0x00000000ffd00000|  0%| F|  |TAMS 0x00000000ffc00000, 0x00000000ffc00000| Untracked 
|2007|0x00000000ffd00000, 0x00000000ffd00000, 0x00000000ffe00000|  0%| F|  |TAMS 0x00000000ffd00000, 0x00000000ffd00000| Untracked 
|2008|0x00000000ffe00000, 0x00000000ffe00000, 0x00000000fff00000|  0%| F|  |TAMS 0x00000000ffe00000, 0x00000000ffe00000| Untracked 
|2009|0x00000000fff00000, 0x00000000fff00000, 0x0000000100000000|  0%| F|  |TAMS 0x00000000fff00000, 0x00000000fff00000| Untracked 

Card table byte_map: [0x0000022734510000,0x0000022734900000] _byte_map_base: 0x00000227340fd000

Marking Bits (Prev, Next): (CMBitMap*) 0x0000022727103070, (CMBitMap*) 0x0000022727103030
 Prev Bits: [0x0000022736c60000, 0x0000022738bc8000)
 Next Bits: [0x0000022734cf0000, 0x0000022736c58000)

Polling page: 0x0000022727160000

Metaspace:

Usage:
  Non-class:     59.94 MB used.
      Class:      9.80 MB used.
       Both:     69.74 MB used.

Virtual space:
  Non-class space:       64.00 MB reserved,      60.75 MB ( 95%) committed,  1 nodes.
      Class space:        1.00 GB reserved,      10.25 MB (  1%) committed,  1 nodes.
             Both:        1.06 GB reserved,      71.00 MB (  7%) committed. 

Chunk freelists:
   Non-Class:  3.71 MB
       Class:  1.88 MB
        Both:  5.59 MB

MaxMetaspaceSize: unlimited
CompressedClassSpaceSize: 1.00 GB
Initial GC threshold: 21.00 MB
Current GC threshold: 118.38 MB
CDS: on
MetaspaceReclaimPolicy: balanced
 - commit_granule_bytes: 65536.
 - commit_granule_words: 8192.
 - virtual_space_node_default_size: 8388608.
 - enlarge_chunks_in_place: 1.
 - new_chunks_are_fully_committed: 0.
 - uncommit_free_chunks: 1.
 - use_allocation_guard: 0.


Internal statistics:

num_allocs_failed_limit: 9.
num_arena_births: 1244.
num_arena_deaths: 536.
num_vsnodes_births: 2.
num_vsnodes_deaths: 0.
num_space_committed: 1136.
num_space_uncommitted: 0.
num_chunks_returned_to_freelist: 610.
num_chunks_taken_from_freelist: 3781.
num_chunk_merges: 170.
num_chunk_splits: 2778.
num_chunks_enlarged: 2217.
num_inconsistent_stats: 0.

CodeCache: size=49152Kb used=15117Kb max_used=15117Kb free=34034Kb
 bounds [0x0000022730810000, 0x00000227316e0000, 0x0000022733810000]
 total_blobs=8962 nmethods=8256 adapters=628
 compilation: enabled
              stopped_count=0, restarted_count=0
 full_count=0

Compilation events (20 events):
Event: 392.389 Thread 0x000002273fedac30 8247       1       sun.util.calendar.CalendarDate::setLeapYear (6 bytes)
Event: 392.389 Thread 0x000002273b69d630 8248       1       java.util.GregorianCalendar::setTimeZone (42 bytes)
Event: 392.389 Thread 0x000002273fedac30 nmethod 8247 0x00000227316d0a90 code [0x00000227316d0c20, 0x00000227316d0cf8]
Event: 392.389 Thread 0x000002273f8a03f0 8249       1       java.util.Calendar::setTimeZone (21 bytes)
Event: 392.390 Thread 0x000002273f8a03f0 nmethod 8249 0x00000227316d0d90 code [0x00000227316d0f20, 0x00000227316d1038]
Event: 392.390 Thread 0x000002273b69d630 nmethod 8248 0x00000227316d1090 code [0x00000227316d1240, 0x00000227316d1458]
Event: 392.390 Thread 0x000002273b69d630 8250       1       java.util.Calendar::getSetStateFields (36 bytes)
Event: 392.390 Thread 0x000002273b69d630 nmethod 8250 0x00000227316d1590 code [0x00000227316d1720, 0x00000227316d1858]
Event: 392.390 Thread 0x000002273b69d630 8251       1       org.hibernate.type.descriptor.java.ImmutableMutabilityPlan::deepCopy (2 bytes)
Event: 392.390 Thread 0x000002273b69d630 nmethod 8251 0x00000227316d1910 code [0x00000227316d1aa0, 0x00000227316d1b58]
Event: 392.391 Thread 0x000002273b69d630 8252       1       org.hibernate.sql.results.graph.Initializer::endLoading (1 bytes)
Event: 392.391 Thread 0x000002273b69d630 nmethod 8252 0x00000227316d1c10 code [0x00000227316d1da0, 0x00000227316d1e58]
Event: 392.391 Thread 0x000002273b69d630 8253       1       org.hibernate.resource.transaction.spi.TransactionCoordinator$TransactionDriver::isActive (31 bytes)
Event: 392.391 Thread 0x000002273b69d630 nmethod 8253 0x00000227316d1f10 code [0x00000227316d20c0, 0x00000227316d2278]
Event: 392.392 Thread 0x000002273f8a03f0 8254   !   1       java.time.format.DateTimeFormatterBuilder$CompositePrinterParser::format (116 bytes)
Event: 392.393 Thread 0x000002273f8a03f0 nmethod 8254 0x00000227316d2390 code [0x00000227316d2560, 0x00000227316d27f8]
Event: 392.395 Thread 0x000002273b69d630 8255       1       org.springframework.security.web.firewall.FirewalledResponse$$Lambda$1527/0x00000008019b5ce0::<init> (10 bytes)
Event: 392.395 Thread 0x000002273f8a03f0 8256       1       org.springframework.security.web.firewall.FirewalledResponse::validateCrlf (31 bytes)
Event: 392.395 Thread 0x000002273b69d630 nmethod 8255 0x00000227316d2a10 code [0x00000227316d2ba0, 0x00000227316d2cb8]
Event: 392.396 Thread 0x000002273f8a03f0 nmethod 8256 0x00000227316d2d10 code [0x00000227316d2f20, 0x00000227316d3348]

GC Heap History (20 events):
Event: 9.293 GC heap after
{Heap after GC invocations=18 (full 0):
 garbage-first heap   total 109568K, used 32798K [0x0000000082600000, 0x0000000100000000)
  region size 1024K, 6 young (6144K), 6 survivors (6144K)
 Metaspace       used 63791K, committed 64576K, reserved 1114112K
  class space    used 9029K, committed 9408K, reserved 1048576K
}
Event: 9.323 GC heap before
{Heap before GC invocations=18 (full 0):
 garbage-first heap   total 109568K, used 33822K [0x0000000082600000, 0x0000000100000000)
  region size 1024K, 7 young (7168K), 6 survivors (6144K)
 Metaspace       used 63856K, committed 64640K, reserved 1114112K
  class space    used 9041K, committed 9408K, reserved 1048576K
}
Event: 9.331 GC heap after
{Heap after GC invocations=19 (full 0):
 garbage-first heap   total 109568K, used 33228K [0x0000000082600000, 0x0000000100000000)
  region size 1024K, 1 young (1024K), 1 survivors (1024K)
 Metaspace       used 63856K, committed 64640K, reserved 1114112K
  class space    used 9041K, committed 9408K, reserved 1048576K
}
Event: 21.332 GC heap before
{Heap before GC invocations=19 (full 0):
 garbage-first heap   total 109568K, used 87500K [0x0000000082600000, 0x0000000100000000)
  region size 1024K, 54 young (55296K), 1 survivors (1024K)
 Metaspace       used 69695K, committed 70464K, reserved 1114112K
  class space    used 9835K, committed 10176K, reserved 1048576K
}
Event: 21.338 GC heap after
{Heap after GC invocations=20 (full 0):
 garbage-first heap   total 109568K, used 36929K [0x0000000082600000, 0x0000000100000000)
  region size 1024K, 5 young (5120K), 5 survivors (5120K)
 Metaspace       used 69695K, committed 70464K, reserved 1114112K
  class space    used 9835K, committed 10176K, reserved 1048576K
}
Event: 97.074 GC heap before
{Heap before GC invocations=20 (full 0):
 garbage-first heap   total 109568K, used 95297K [0x0000000082600000, 0x0000000100000000)
  region size 1024K, 53 young (54272K), 5 survivors (5120K)
 Metaspace       used 71855K, committed 72704K, reserved 1114112K
  class space    used 10137K, committed 10496K, reserved 1048576K
}
Event: 97.098 GC heap after
{Heap after GC invocations=21 (full 0):
 garbage-first heap   total 119808K, used 62345K [0x0000000082600000, 0x0000000100000000)
  region size 1024K, 7 young (7168K), 7 survivors (7168K)
 Metaspace       used 71855K, committed 72704K, reserved 1114112K
  class space    used 10137K, committed 10496K, reserved 1048576K
}
Event: 141.959 GC heap before
{Heap before GC invocations=21 (full 0):
 garbage-first heap   total 119808K, used 100233K [0x0000000082600000, 0x0000000100000000)
  region size 1024K, 29 young (29696K), 7 survivors (7168K)
 Metaspace       used 71855K, committed 72704K, reserved 1114112K
  class space    used 10137K, committed 10496K, reserved 1048576K
}
Event: 141.985 GC heap after
{Heap after GC invocations=22 (full 0):
 garbage-first heap   total 130048K, used 95040K [0x0000000082600000, 0x0000000100000000)
  region size 1024K, 4 young (4096K), 4 survivors (4096K)
 Metaspace       used 71855K, committed 72704K, reserved 1114112K
  class space    used 10137K, committed 10496K, reserved 1048576K
}
Event: 142.001 GC heap before
{Heap before GC invocations=22 (full 0):
 garbage-first heap   total 130048K, used 105280K [0x0000000082600000, 0x0000000100000000)
  region size 1024K, 11 young (11264K), 4 survivors (4096K)
 Metaspace       used 71855K, committed 72704K, reserved 1114112K
  class space    used 10137K, committed 10496K, reserved 1048576K
}
Event: 142.011 GC heap after
{Heap after GC invocations=23 (full 0):
 garbage-first heap   total 130048K, used 107840K [0x0000000082600000, 0x0000000100000000)
  region size 1024K, 2 young (2048K), 2 survivors (2048K)
 Metaspace       used 71855K, committed 72704K, reserved 1114112K
  class space    used 10137K, committed 10496K, reserved 1048576K
}
Event: 142.018 GC heap before
{Heap before GC invocations=23 (full 0):
 garbage-first heap   total 130048K, used 111936K [0x0000000082600000, 0x0000000100000000)
  region size 1024K, 6 young (6144K), 2 survivors (2048K)
 Metaspace       used 71855K, committed 72704K, reserved 1114112K
  class space    used 10137K, committed 10496K, reserved 1048576K
}
Event: 142.023 GC heap after
{Heap after GC invocations=24 (full 0):
 garbage-first heap   total 130048K, used 113054K [0x0000000082600000, 0x0000000100000000)
  region size 1024K, 1 young (1024K), 1 survivors (1024K)
 Metaspace       used 71855K, committed 72704K, reserved 1114112K
  class space    used 10137K, committed 10496K, reserved 1048576K
}
Event: 392.099 GC heap before
{Heap before GC invocations=25 (full 0):
 garbage-first heap   total 173056K, used 104862K [0x0000000082600000, 0x0000000100000000)
  region size 1024K, 8 young (8192K), 1 survivors (1024K)
 Metaspace       used 71349K, committed 72704K, reserved 1114112K
  class space    used 10020K, committed 10496K, reserved 1048576K
}
Event: 392.107 GC heap after
{Heap after GC invocations=26 (full 0):
 garbage-first heap   total 173056K, used 100743K [0x0000000082600000, 0x0000000100000000)
  region size 1024K, 1 young (1024K), 1 survivors (1024K)
 Metaspace       used 71349K, committed 72704K, reserved 1114112K
  class space    used 10020K, committed 10496K, reserved 1048576K
}
Event: 392.281 GC heap before
{Heap before GC invocations=26 (full 0):
 garbage-first heap   total 173056K, used 106887K [0x0000000082600000, 0x0000000100000000)
  region size 1024K, 8 young (8192K), 1 survivors (1024K)
 Metaspace       used 71428K, committed 72704K, reserved 1114112K
  class space    used 10038K, committed 10496K, reserved 1048576K
}
Event: 392.288 GC heap after
{Heap after GC invocations=27 (full 0):
 garbage-first heap   total 173056K, used 103138K [0x0000000082600000, 0x0000000100000000)
  region size 1024K, 1 young (1024K), 1 survivors (1024K)
 Metaspace       used 71428K, committed 72704K, reserved 1114112K
  class space    used 10038K, committed 10496K, reserved 1048576K
}
Event: 392.293 GC heap before
{Heap before GC invocations=27 (full 0):
 garbage-first heap   total 173056K, used 108258K [0x0000000082600000, 0x0000000100000000)
  region size 1024K, 7 young (7168K), 1 survivors (1024K)
 Metaspace       used 71428K, committed 72704K, reserved 1114112K
  class space    used 10038K, committed 10496K, reserved 1048576K
}
Event: 392.298 GC heap after
{Heap after GC invocations=28 (full 0):
 garbage-first heap   total 173056K, used 107917K [0x0000000082600000, 0x0000000100000000)
  region size 1024K, 3 young (3072K), 3 survivors (3072K)
 Metaspace       used 71428K, committed 72704K, reserved 1114112K
  class space    used 10038K, committed 10496K, reserved 1048576K
}
Event: 392.397 GC heap before
{Heap before GC invocations=28 (full 0):
 garbage-first heap   total 173056K, used 80269K [0x0000000082600000, 0x0000000100000000)
  region size 1024K, 18 young (18432K), 3 survivors (3072K)
 Metaspace       used 71417K, committed 72704K, reserved 1114112K
  class space    used 10035K, committed 10496K, reserved 1048576K
}

Dll operation events (14 events):
Event: 0.012 Loaded shared library C:\Users\matro2003\.jdks\openjdk-19.0.1\bin\java.dll
Event: 0.026 Loaded shared library C:\Users\matro2003\.jdks\openjdk-19.0.1\bin\jsvml.dll
Event: 0.213 Loaded shared library C:\Users\matro2003\.jdks\openjdk-19.0.1\bin\zip.dll
Event: 0.217 Loaded shared library C:\Users\matro2003\.jdks\openjdk-19.0.1\bin\instrument.dll
Event: 0.226 Loaded shared library C:\Users\matro2003\.jdks\openjdk-19.0.1\bin\net.dll
Event: 0.229 Loaded shared library C:\Users\matro2003\.jdks\openjdk-19.0.1\bin\nio.dll
Event: 0.237 Loaded shared library C:\Users\matro2003\.jdks\openjdk-19.0.1\bin\zip.dll
Event: 0.368 Loaded shared library C:\Program Files\JetBrains\IntelliJ IDEA 2022.3.1\bin\breakgen64.dll
Event: 0.376 Loaded shared library C:\Users\matro2003\.jdks\openjdk-19.0.1\bin\jimage.dll
Event: 0.383 Loaded shared library C:\Users\matro2003\.jdks\openjdk-19.0.1\bin\extnet.dll
Event: 0.409 Loaded shared library C:\Users\matro2003\.jdks\openjdk-19.0.1\bin\management.dll
Event: 0.427 Loaded shared library C:\Users\matro2003\.jdks\openjdk-19.0.1\bin\management_ext.dll
Event: 1.752 Loaded shared library C:\Users\matro2003\.jdks\openjdk-19.0.1\bin\verify.dll
Event: 4.113 Loaded shared library C:\Users\matro2003\.jdks\openjdk-19.0.1\bin\sunmscapi.dll

Deoptimization events (20 events):
Event: 0.632 Thread 0x00000227270a2360 DEOPT PACKING pc=0x0000022730b45cd5 sp=0x000000502f2fd320
Event: 0.632 Thread 0x00000227270a2360 DEOPT UNPACKING pc=0x0000022730877543 sp=0x000000502f2fc7d0 mode 3
Event: 0.653 Thread 0x00000227270a2360 DEOPT PACKING pc=0x0000022730bea7d0 sp=0x000000502f2fd2f0
Event: 0.653 Thread 0x00000227270a2360 DEOPT UNPACKING pc=0x0000022730877543 sp=0x000000502f2fc7a8 mode 3
Event: 1.834 Thread 0x00000227270a2360 DEOPT PACKING pc=0x0000022730dcf539 sp=0x000000502f2fd630
Event: 1.834 Thread 0x00000227270a2360 DEOPT UNPACKING pc=0x0000022730877543 sp=0x000000502f2fcb10 mode 3
Event: 4.250 Thread 0x00000227270a2360 DEOPT PACKING pc=0x00000227310f9d9d sp=0x000000502f2fc790
Event: 4.250 Thread 0x00000227270a2360 DEOPT UNPACKING pc=0x0000022730877543 sp=0x000000502f2fbcf8 mode 3
Event: 7.295 Thread 0x00000227270a2360 DEOPT PACKING pc=0x0000022730e2fd24 sp=0x000000502f2fc6a0
Event: 7.295 Thread 0x00000227270a2360 DEOPT UNPACKING pc=0x0000022730877543 sp=0x000000502f2fbbf8 mode 0
Event: 8.069 Thread 0x00000227270a2360 DEOPT PACKING pc=0x000002273142d839 sp=0x000000502f2fb710
Event: 8.069 Thread 0x00000227270a2360 DEOPT UNPACKING pc=0x0000022730877543 sp=0x000000502f2fabf0 mode 3
Event: 8.929 Thread 0x00000227270a2360 DEOPT PACKING pc=0x0000022730e3d73a sp=0x000000502f2fb2b0
Event: 8.929 Thread 0x00000227270a2360 DEOPT UNPACKING pc=0x0000022730877543 sp=0x000000502f2fa7b8 mode 3
Event: 8.929 Thread 0x00000227270a2360 DEOPT PACKING pc=0x0000022730df974c sp=0x000000502f2fb270
Event: 8.929 Thread 0x00000227270a2360 DEOPT UNPACKING pc=0x0000022730877543 sp=0x000000502f2fa7b8 mode 3
Event: 32.004 Thread 0x0000022740b0b840 DEOPT PACKING pc=0x00000227314c072c sp=0x00000050311fe960
Event: 32.004 Thread 0x0000022740b0b840 DEOPT UNPACKING pc=0x0000022730877543 sp=0x00000050311fde18 mode 0
Event: 40.233 Thread 0x0000022742240870 DEOPT PACKING pc=0x00000227314c072c sp=0x00000050326fed90
Event: 40.233 Thread 0x0000022742240870 DEOPT UNPACKING pc=0x0000022730877543 sp=0x00000050326fe228 mode 0

Classes loaded (20 events):
Event: 14.363 Loading class jdk/internal/access/JavaIOPrintWriterAccess done
Event: 14.363 Loading class java/io/PrintWriter$1 done
Event: 14.650 Loading class java/util/concurrent/locks/ReentrantReadWriteLock$Sync$HoldCounter
Event: 14.650 Loading class java/util/concurrent/locks/ReentrantReadWriteLock$Sync$HoldCounter done
Event: 14.652 Loading class java/util/ArrayList$SubList$2
Event: 14.653 Loading class java/util/ArrayList$SubList$2 done
Event: 14.664 Loading class java/time/format/DateTimeFormatterBuilder$ZoneTextPrinterParser
Event: 14.665 Loading class java/time/format/DateTimeFormatterBuilder$ZoneTextPrinterParser done
Event: 14.665 Loading class java/time/format/DateTimeFormatterBuilder$ReducedPrinterParser
Event: 14.665 Loading class java/time/format/DateTimeFormatterBuilder$ReducedPrinterParser done
Event: 21.071 Loading class java/util/Base64$Decoder
Event: 21.071 Loading class java/util/Base64$Decoder done
Event: 21.564 Loading class java/util/AbstractMap$SimpleEntry
Event: 21.564 Loading class java/util/AbstractMap$SimpleEntry done
Event: 21.871 Loading class jdk/internal/reflect/MethodHandleBooleanFieldAccessorImpl
Event: 21.871 Loading class jdk/internal/reflect/MethodHandleBooleanFieldAccessorImpl done
Event: 21.984 Loading class java/lang/StringEditor
Event: 21.984 Loading class java/lang/StringEditor done
Event: 392.113 Loading class java/util/function/LongSupplier
Event: 392.113 Loading class java/util/function/LongSupplier done

Classes unloaded (20 events):
Event: 142.069 Thread 0x000002273b671dd0 Unloading class 0x0000000801009800 'java/lang/invoke/LambdaForm$MH+0x0000000801009800'
Event: 142.069 Thread 0x000002273b671dd0 Unloading class 0x0000000801009000 'java/lang/invoke/LambdaForm$MH+0x0000000801009000'
Event: 142.069 Thread 0x000002273b671dd0 Unloading class 0x0000000801008400 'java/lang/invoke/LambdaForm$MH+0x0000000801008400'
Event: 142.069 Thread 0x000002273b671dd0 Unloading class 0x0000000801007000 'java/lang/invoke/LambdaForm$MH+0x0000000801007000'
Event: 142.069 Thread 0x000002273b671dd0 Unloading class 0x0000000801006c00 'java/lang/invoke/LambdaForm$MH+0x0000000801006c00'
Event: 142.069 Thread 0x000002273b671dd0 Unloading class 0x0000000801006400 'java/lang/invoke/LambdaForm$MH+0x0000000801006400'
Event: 142.069 Thread 0x000002273b671dd0 Unloading class 0x0000000801005c00 'java/lang/invoke/LambdaForm$MH+0x0000000801005c00'
Event: 142.069 Thread 0x000002273b671dd0 Unloading class 0x0000000801005400 'java/lang/invoke/LambdaForm$MH+0x0000000801005400'
Event: 142.069 Thread 0x000002273b671dd0 Unloading class 0x0000000801004c00 'java/lang/invoke/LambdaForm$MH+0x0000000801004c00'
Event: 142.069 Thread 0x000002273b671dd0 Unloading class 0x0000000801004400 'java/lang/invoke/LambdaForm$MH+0x0000000801004400'
Event: 142.069 Thread 0x000002273b671dd0 Unloading class 0x0000000801002400 'java/lang/invoke/LambdaForm$MH+0x0000000801002400'
Event: 142.069 Thread 0x000002273b671dd0 Unloading class 0x0000000801002000 'java/lang/invoke/LambdaForm$MH+0x0000000801002000'
Event: 142.069 Thread 0x000002273b671dd0 Unloading class 0x0000000801001c00 'java/lang/invoke/LambdaForm$MH+0x0000000801001c00'
Event: 142.069 Thread 0x000002273b671dd0 Unloading class 0x0000000801001400 'java/lang/invoke/LambdaForm$MH+0x0000000801001400'
Event: 392.374 Thread 0x000002273b671dd0 Unloading class 0x000000080196e400 'java/lang/invoke/LambdaForm$MH+0x000000080196e400'
Event: 392.374 Thread 0x000002273b671dd0 Unloading class 0x000000080197b400 'java/lang/invoke/LambdaForm$MH+0x000000080197b400'
Event: 392.374 Thread 0x000002273b671dd0 Unloading class 0x0000000801988800 'java/lang/invoke/LambdaForm$MH+0x0000000801988800'
Event: 392.374 Thread 0x000002273b671dd0 Unloading class 0x000000080198a000 'java/lang/invoke/LambdaForm$MH+0x000000080198a000'
Event: 392.374 Thread 0x000002273b671dd0 Unloading class 0x000000080198ac00 'java/lang/invoke/LambdaForm$MH+0x000000080198ac00'
Event: 392.374 Thread 0x000002273b671dd0 Unloading class 0x00000008019ac400 'java/lang/invoke/LambdaForm$MH+0x00000008019ac400'

Classes redefined (0 events):
No events

Internal exceptions (20 events):
Event: 9.132 Thread 0x00000227270a2360 Exception <a 'java/lang/IncompatibleClassChangeError'{0x0000000085707e88}: Found class java.lang.Object, but interface was expected> (0x0000000085707e88) 
thrown [s\open\src\hotspot\share\interpreter\linkResolver.cpp, line 841]
Event: 9.420 Thread 0x00000227270a2360 Exception <a 'java/lang/NoSuchMethodError'{0x0000000088bfb398}: 'java.lang.Object java.lang.invoke.DirectMethodHandle$Holder.newInvokeSpecial(java.lang.Object, java.lang.Object, java.lang.Object, int, int)'> (0x0000000088bfb398) 
thrown [s\open\src\hotspot\share\interpreter\linkResolver.cpp, line 774]
Event: 9.428 Thread 0x00000227270a2360 Exception <a 'java/lang/IncompatibleClassChangeError'{0x0000000088a58108}: Found class java.lang.Object, but interface was expected> (0x0000000088a58108) 
thrown [s\open\src\hotspot\share\interpreter\linkResolver.cpp, line 841]
Event: 9.436 Thread 0x00000227270a2360 Exception <a 'java/lang/NoSuchMethodError'{0x0000000088aeddb0}: 'java.lang.Object java.lang.invoke.DirectMethodHandle$Holder.invokeVirtual(java.lang.Object, java.lang.Object, java.lang.Object, java.lang.Object, java.lang.Object, java.lang.Object, java.lang.Object)'> (0x0000000088aeddb0) 
thrown [s\open\src\hotspot\share\interpreter\linkResolver.cpp, line 774]
Event: 9.446 Thread 0x00000227270a2360 Exception <a 'java/lang/NoSuchMethodError'{0x000000008899be80}: 'java.lang.Object java.lang.invoke.DirectMethodHandle$Holder.invokeVirtual(java.lang.Object, java.lang.Object, java.lang.Object, java.lang.Object, java.lang.Object, java.lang.Object)'> (0x000000008899be80) 
thrown [s\open\src\hotspot\share\interpreter\linkResolver.cpp, line 774]
Event: 9.759 Thread 0x00000227270a2360 Exception <a 'java/lang/NoSuchMethodError'{0x0000000087598628}: 'java.lang.Object java.lang.invoke.DirectMethodHandle$Holder.newInvokeSpecial(java.lang.Object, java.lang.Object, int, java.lang.Object, java.lang.Object)'> (0x0000000087598628) 
thrown [s\open\src\hotspot\share\interpreter\linkResolver.cpp, line 774]
Event: 9.760 Thread 0x00000227270a2360 Exception <a 'java/lang/NoSuchMethodError'{0x00000000875a39d0}: 'java.lang.Object java.lang.invoke.DirectMethodHandle$Holder.invokeSpecial(java.lang.Object, java.lang.Object, int, java.lang.Object, int, java.lang.Object)'> (0x00000000875a39d0) 
thrown [s\open\src\hotspot\share\interpreter\linkResolver.cpp, line 774]
Event: 9.761 Thread 0x00000227270a2360 Exception <a 'java/lang/NoSuchMethodError'{0x00000000875ab728}: 'java.lang.Object java.lang.invoke.DirectMethodHandle$Holder.newInvokeSpecial(java.lang.Object, java.lang.Object, int, java.lang.Object, int)'> (0x00000000875ab728) 
thrown [s\open\src\hotspot\share\interpreter\linkResolver.cpp, line 774]
Event: 9.761 Thread 0x00000227270a2360 Exception <a 'java/lang/NoSuchMethodError'{0x00000000875af840}: 'java.lang.Object java.lang.invoke.DirectMethodHandle$Holder.invokeSpecial(java.lang.Object, java.lang.Object, java.lang.Object, int, java.lang.Object, int)'> (0x00000000875af840) 
thrown [s\open\src\hotspot\share\interpreter\linkResolver.cpp, line 774]
Event: 10.270 Thread 0x0000022742240870 Exception <a 'java/lang/NoSuchMethodError'{0x00000000871160d0}: 'java.lang.Object java.lang.invoke.DirectMethodHandle$Holder.invokeInterface(java.lang.Object, java.lang.Object, java.lang.Object, java.lang.Object, java.lang.Object, java.lang.Object, java.lang.Object)'> (0x00000000871160d0) 
thrown [s\open\src\hotspot\share\interpreter\linkResolver.cpp, line 774]
Event: 13.967 Thread 0x0000022741f2eb40 Exception <a 'java/lang/NoSuchMethodError'{0x0000000086f80858}: 'java.lang.Object java.lang.invoke.DirectMethodHandle$Holder.invokeSpecial(java.lang.Object, java.lang.Object, java.lang.Object, java.lang.Object, java.lang.Object, long)'> (0x0000000086f80858) 
thrown [s\open\src\hotspot\share\interpreter\linkResolver.cpp, line 774]
Event: 13.967 Thread 0x0000022741f2eb40 Exception <a 'java/lang/NoSuchMethodError'{0x0000000086f842a8}: 'java.lang.Object java.lang.invoke.Invokers$Holder.linkToTargetMethod(java.lang.Object, java.lang.Object, java.lang.Object, long, java.lang.Object)'> (0x0000000086f842a8) 
thrown [s\open\src\hotspot\share\interpreter\linkResolver.cpp, line 774]
Event: 14.093 Thread 0x0000022741f2eb40 Exception <a 'java/lang/NoSuchMethodError'{0x0000000086ce0038}: 'java.lang.Object java.lang.invoke.DirectMethodHandle$Holder.invokeVirtual(java.lang.Object, java.lang.Object, int, java.lang.Object, java.lang.Object)'> (0x0000000086ce0038) 
thrown [s\open\src\hotspot\share\interpreter\linkResolver.cpp, line 774]
Event: 14.093 Thread 0x0000022741f2eb40 Exception <a 'java/lang/NoSuchMethodError'{0x0000000086ce3ef0}: 'java.lang.Object java.lang.invoke.DelegatingMethodHandle$Holder.reinvoke_L(java.lang.Object, java.lang.Object, int, java.lang.Object, java.lang.Object)'> (0x0000000086ce3ef0) 
thrown [s\open\src\hotspot\share\interpreter\linkResolver.cpp, line 774]
Event: 14.652 Thread 0x0000022741f2d600 Exception <a 'java/lang/NoSuchMethodError'{0x0000000087447870}: 'java.lang.Object java.lang.invoke.DirectMethodHandle$Holder.invokeStatic(java.lang.Object, int, int)'> (0x0000000087447870) 
thrown [s\open\src\hotspot\share\interpreter\linkResolver.cpp, line 774]
Event: 14.652 Thread 0x0000022741f2db50 Exception <a 'java/lang/NoSuchMethodError'{0x000000008748a450}: 'java.lang.Object java.lang.invoke.DirectMethodHandle$Holder.invokeStatic(java.lang.Object, int, int)'> (0x000000008748a450) 
thrown [s\open\src\hotspot\share\interpreter\linkResolver.cpp, line 774]
Event: 21.597 Thread 0x0000022741f2c0c0 Exception <a 'java/lang/IncompatibleClassChangeError'{0x00000000888993c0}: Found class java.lang.Object, but interface was expected> (0x00000000888993c0) 
thrown [s\open\src\hotspot\share\interpreter\linkResolver.cpp, line 841]
Event: 21.628 Thread 0x0000022741f2c0c0 Exception <a 'java/lang/NoSuchMethodError'{0x00000000887c7220}: 'void java.lang.invoke.Invokers$Holder.invokeExact_MT(java.lang.Object, java.lang.Object, int, java.lang.Object)'> (0x00000000887c7220) 
thrown [s\open\src\hotspot\share\interpreter\linkResolver.cpp, line 774]
Event: 21.801 Thread 0x0000022741f2e0a0 Exception <a 'java/lang/NoSuchMethodError'{0x0000000088473860}: 'java.lang.Object java.lang.invoke.DirectMethodHandle$Holder.invokeVirtual(java.lang.Object, java.lang.Object, int)'> (0x0000000088473860) 
thrown [s\open\src\hotspot\share\interpreter\linkResolver.cpp, line 774]
Event: 391.969 Thread 0x0000022741f2eb40 Exception <a 'java/lang/NoSuchMethodError'{0x0000000088da6000}: 'java.lang.Object java.lang.invoke.DirectMethodHandle$Holder.invokeVirtual(java.lang.Object, java.lang.Object, java.lang.Object, int, java.lang.Object)'> (0x0000000088da6000) 
thrown [s\open\src\hotspot\share\interpreter\linkResolver.cpp, line 774]

VM Operations (20 events):
Event: 191.495 Executing VM operation: Cleanup done
Event: 200.556 Executing VM operation: Cleanup
Event: 200.556 Executing VM operation: Cleanup done
Event: 204.589 Executing VM operation: Cleanup
Event: 204.589 Executing VM operation: Cleanup done
Event: 208.631 Executing VM operation: Cleanup
Event: 208.631 Executing VM operation: Cleanup done
Event: 214.668 Executing VM operation: Cleanup
Event: 214.668 Executing VM operation: Cleanup done
Event: 265.087 Executing VM operation: Cleanup
Event: 265.087 Executing VM operation: Cleanup done
Event: 392.099 Executing VM operation: G1CollectForAllocation
Event: 392.107 Executing VM operation: G1CollectForAllocation done
Event: 392.281 Executing VM operation: G1CollectForAllocation
Event: 392.288 Executing VM operation: G1CollectForAllocation done
Event: 392.293 Executing VM operation: G1TryInitiateConcMark
Event: 392.298 Executing VM operation: G1TryInitiateConcMark done
Event: 392.373 Executing VM operation: G1PauseRemark
Event: 392.386 Executing VM operation: G1PauseRemark done
Event: 392.396 Executing VM operation: G1CollectForAllocation

Events (20 events):
Event: 10.233 Thread 0x0000022742240870 Thread added: 0x0000022742240870
Event: 10.238 Thread 0x0000022742240870 Thread exited: 0x0000022742240870
Event: 10.263 Thread 0x0000022742240870 Thread added: 0x0000022742240870
Event: 10.265 Thread 0x000002274223f880 Thread added: 0x000002274223f880
Event: 10.274 Thread 0x000002274223f880 Thread exited: 0x000002274223f880
Event: 10.275 Thread 0x000002274223e340 Thread added: 0x000002274223e340
Event: 10.282 Thread 0x000002274223e340 Thread exited: 0x000002274223e340
Event: 11.074 Thread 0x000002274039c9b0 Thread exited: 0x000002274039c9b0
Event: 13.963 Thread 0x000002273fe629a0 Thread exited: 0x000002273fe629a0
Event: 19.697 Thread 0x000002273f8af7b0 Thread exited: 0x000002273f8af7b0
Event: 19.697 Thread 0x000002273b660d90 Thread exited: 0x000002273b660d90
Event: 21.848 Thread 0x000002274235fe80 Thread added: 0x000002274235fe80
Event: 21.972 Thread 0x000002274235a5e0 Thread added: 0x000002274235a5e0
Event: 27.117 Thread 0x000002274235a5e0 Thread exited: 0x000002274235a5e0
Event: 33.877 Thread 0x000002274235fe80 Thread exited: 0x000002274235fe80
Event: 73.183 Thread 0x000002274223d8a0 Thread exited: 0x000002274223d8a0
Event: 92.009 Thread 0x0000022740b0b840 Thread exited: 0x0000022740b0b840
Event: 100.245 Thread 0x0000022742240870 Thread exited: 0x0000022742240870
Event: 392.147 Thread 0x000002273f8a03f0 Thread added: 0x000002273f8a03f0
Event: 392.164 Thread 0x000002273fedac30 Thread added: 0x000002273fedac30


Dynamic libraries:
0x00007ff67a2e0000 - 0x00007ff67a2ee000 	C:\Users\matro2003\.jdks\openjdk-19.0.1\bin\java.exe
0x00007ffdac0d0000 - 0x00007ffdac2c8000 	C:\WINDOWS\SYSTEM32\ntdll.dll
0x00007ffdab0c0000 - 0x00007ffdab17f000 	C:\WINDOWS\System32\KERNEL32.DLL
0x00007ffda9cf0000 - 0x00007ffda9fc2000 	C:\WINDOWS\System32\KERNELBASE.dll
0x00007ffda9b70000 - 0x00007ffda9c70000 	C:\WINDOWS\System32\ucrtbase.dll
0x00007ffd7a630000 - 0x00007ffd7a647000 	C:\Users\matro2003\.jdks\openjdk-19.0.1\bin\jli.dll
0x00007ffd7a730000 - 0x00007ffd7a74b000 	C:\Users\matro2003\.jdks\openjdk-19.0.1\bin\VCRUNTIME140.dll
0x00007ffdab5f0000 - 0x00007ffdab791000 	C:\WINDOWS\System32\USER32.dll
0x00007ffda9cc0000 - 0x00007ffda9ce2000 	C:\WINDOWS\System32\win32u.dll
0x00007ffd95d50000 - 0x00007ffd95fea000 	C:\WINDOWS\WinSxS\amd64_microsoft.windows.common-controls_6595b64144ccf1df_6.0.19041.1110_none_60b5254171f9507e\COMCTL32.dll
0x00007ffdab180000 - 0x00007ffdab1ab000 	C:\WINDOWS\System32\GDI32.dll
0x00007ffdab4f0000 - 0x00007ffdab58e000 	C:\WINDOWS\System32\msvcrt.dll
0x00007ffda9fd0000 - 0x00007ffdaa0df000 	C:\WINDOWS\System32\gdi32full.dll
0x00007ffda98e0000 - 0x00007ffda997d000 	C:\WINDOWS\System32\msvcp_win.dll
0x00007ffdab4b0000 - 0x00007ffdab4e2000 	C:\WINDOWS\System32\IMM32.DLL
0x00007ffd7b900000 - 0x00007ffd7b90c000 	C:\Users\matro2003\.jdks\openjdk-19.0.1\bin\vcruntime140_1.dll
0x00007ffd65ab0000 - 0x00007ffd65b3e000 	C:\Users\matro2003\.jdks\openjdk-19.0.1\bin\msvcp140.dll
0x00007ffd20d50000 - 0x00007ffd21a10000 	C:\Users\matro2003\.jdks\openjdk-19.0.1\bin\server\jvm.dll
0x00007ffdabac0000 - 0x00007ffdabb6e000 	C:\WINDOWS\System32\ADVAPI32.dll
0x00007ffdab8e0000 - 0x00007ffdab97c000 	C:\WINDOWS\System32\sechost.dll
0x00007ffdab1c0000 - 0x00007ffdab2e5000 	C:\WINDOWS\System32\RPCRT4.dll
0x00007ffd85490000 - 0x00007ffd85499000 	C:\WINDOWS\SYSTEM32\WSOCK32.dll
0x00007ffd96010000 - 0x00007ffd96037000 	C:\WINDOWS\SYSTEM32\WINMM.dll
0x00007ffd9f7c0000 - 0x00007ffd9f7ca000 	C:\WINDOWS\SYSTEM32\VERSION.dll
0x00007ffdaa400000 - 0x00007ffdaa46b000 	C:\WINDOWS\System32\WS2_32.dll
0x00007ffda7680000 - 0x00007ffda7692000 	C:\WINDOWS\SYSTEM32\kernel.appcore.dll
0x00007ffd7a720000 - 0x00007ffd7a72a000 	C:\Users\matro2003\.jdks\openjdk-19.0.1\bin\jimage.dll
0x00007ffda1cc0000 - 0x00007ffda1ea4000 	C:\WINDOWS\SYSTEM32\DBGHELP.DLL
0x00007ffd91220000 - 0x00007ffd91255000 	C:\WINDOWS\SYSTEM32\dbgcore.DLL
0x00007ffda9ae0000 - 0x00007ffda9b62000 	C:\WINDOWS\System32\bcryptPrimitives.dll
0x00007ffda2150000 - 0x00007ffda215e000 	C:\Users\matro2003\.jdks\openjdk-19.0.1\bin\instrument.dll
0x00007ffd7a600000 - 0x00007ffd7a626000 	C:\Users\matro2003\.jdks\openjdk-19.0.1\bin\java.dll
0x00007ffd42720000 - 0x00007ffd427f7000 	C:\Users\matro2003\.jdks\openjdk-19.0.1\bin\jsvml.dll
0x00007ffdaa520000 - 0x00007ffdaac64000 	C:\WINDOWS\System32\SHELL32.dll
0x00007ffda7880000 - 0x00007ffda8012000 	C:\WINDOWS\SYSTEM32\windows.storage.dll
0x00007ffdaad60000 - 0x00007ffdab0b5000 	C:\WINDOWS\System32\combase.dll
0x00007ffda9220000 - 0x00007ffda9250000 	C:\WINDOWS\SYSTEM32\Wldp.dll
0x00007ffdaa470000 - 0x00007ffdaa51d000 	C:\WINDOWS\System32\SHCORE.dll
0x00007ffdaba60000 - 0x00007ffdabab5000 	C:\WINDOWS\System32\shlwapi.dll
0x00007ffda9700000 - 0x00007ffda971f000 	C:\WINDOWS\SYSTEM32\profapi.dll
0x00007ffd79d80000 - 0x00007ffd79d98000 	C:\Users\matro2003\.jdks\openjdk-19.0.1\bin\zip.dll
0x00007ffd7a4c0000 - 0x00007ffd7a4d3000 	C:\Users\matro2003\.jdks\openjdk-19.0.1\bin\net.dll
0x00007ffd97ad0000 - 0x00007ffd97bdc000 	C:\WINDOWS\SYSTEM32\WINHTTP.dll
0x00007ffda8f80000 - 0x00007ffda8fea000 	C:\WINDOWS\system32\mswsock.dll
0x00007ffd7a2d0000 - 0x00007ffd7a2e6000 	C:\Users\matro2003\.jdks\openjdk-19.0.1\bin\nio.dll
0x00007ffda20e0000 - 0x00007ffda20fa000 	C:\Program Files\JetBrains\IntelliJ IDEA 2022.3.1\bin\breakgen64.dll
0x00007ffd7a6f0000 - 0x00007ffd7a6f8000 	C:\Users\matro2003\.jdks\openjdk-19.0.1\bin\extnet.dll
0x00007ffda8c60000 - 0x00007ffda8d2a000 	C:\WINDOWS\SYSTEM32\DNSAPI.dll
0x00007ffda8c20000 - 0x00007ffda8c5b000 	C:\WINDOWS\SYSTEM32\IPHLPAPI.DLL
0x00007ffdaa230000 - 0x00007ffdaa238000 	C:\WINDOWS\System32\NSI.dll
0x00007ffd95780000 - 0x00007ffd9578a000 	C:\Windows\System32\rasadhlp.dll
0x00007ffd955a0000 - 0x00007ffd95620000 	C:\WINDOWS\System32\fwpuclnt.dll
0x00007ffdaa0e0000 - 0x00007ffdaa107000 	C:\WINDOWS\System32\bcrypt.dll
0x00007ffda2140000 - 0x00007ffda214a000 	C:\Users\matro2003\.jdks\openjdk-19.0.1\bin\management.dll
0x00007ffda2110000 - 0x00007ffda211b000 	C:\Users\matro2003\.jdks\openjdk-19.0.1\bin\management_ext.dll
0x00007ffdab2f0000 - 0x00007ffdab2f8000 	C:\WINDOWS\System32\PSAPI.DLL
0x00007ffda9180000 - 0x00007ffda9198000 	C:\WINDOWS\SYSTEM32\CRYPTSP.dll
0x00007ffda8830000 - 0x00007ffda8864000 	C:\WINDOWS\system32\rsaenh.dll
0x00007ffda96c0000 - 0x00007ffda96ee000 	C:\WINDOWS\SYSTEM32\USERENV.dll
0x00007ffda9170000 - 0x00007ffda917c000 	C:\WINDOWS\SYSTEM32\CRYPTBASE.dll
0x00007ffd9d6e0000 - 0x00007ffd9d6f7000 	C:\WINDOWS\SYSTEM32\dhcpcsvc6.DLL
0x00007ffd9d6c0000 - 0x00007ffd9d6dd000 	C:\WINDOWS\SYSTEM32\dhcpcsvc.DLL
0x00007ffd86d50000 - 0x00007ffd86d67000 	C:\WINDOWS\system32\napinsp.dll
0x00007ffd85760000 - 0x00007ffd8577b000 	C:\WINDOWS\system32\pnrpnsp.dll
0x00007ffd8fab0000 - 0x00007ffd8fac5000 	C:\WINDOWS\system32\wshbth.dll
0x00007ffda2010000 - 0x00007ffda202d000 	C:\WINDOWS\system32\NLAapi.dll
0x00007ffd8fa90000 - 0x00007ffd8faa2000 	C:\WINDOWS\System32\winrnr.dll
0x00007ffd79e90000 - 0x00007ffd79ea0000 	C:\Users\matro2003\.jdks\openjdk-19.0.1\bin\verify.dll
0x00007ffda20d0000 - 0x00007ffda20de000 	C:\Users\matro2003\.jdks\openjdk-19.0.1\bin\sunmscapi.dll
0x00007ffda9980000 - 0x00007ffda9ad6000 	C:\WINDOWS\System32\CRYPT32.dll
0x00007ffda9290000 - 0x00007ffda92b7000 	C:\WINDOWS\SYSTEM32\ncrypt.dll
0x00007ffda9250000 - 0x00007ffda928b000 	C:\WINDOWS\SYSTEM32\NTASN1.dll
0x00007ffd7bb30000 - 0x00007ffd7bb37000 	C:\WINDOWS\system32\wshunix.dll

dbghelp: loaded successfully - version: 4.0.5 - missing functions: none
symbol engine: initialized successfully - sym options: 0x614 - pdb path: .;C:\Users\matro2003\.jdks\openjdk-19.0.1\bin;C:\WINDOWS\SYSTEM32;C:\WINDOWS\WinSxS\amd64_microsoft.windows.common-controls_6595b64144ccf1df_6.0.19041.1110_none_60b5254171f9507e;C:\Users\matro2003\.jdks\openjdk-19.0.1\bin\server;C:\Program Files\JetBrains\IntelliJ IDEA 2022.3.1\bin

VM Arguments:
jvm_args: -XX:TieredStopAtLevel=1 -Dspring.output.ansi.enabled=always -Dcom.sun.management.jmxremote -Dspring.jmx.enabled=true -Dspring.liveBeansView.mbeanDomain -Dspring.application.admin.enabled=true -Dmanagement.endpoints.jmx.exposure.include=* -javaagent:C:\Program Files\JetBrains\IntelliJ IDEA 2022.3.1\lib\idea_rt.jar=56977:C:\Program Files\JetBrains\IntelliJ IDEA 2022.3.1\bin -Dfile.encoding=UTF-8 -Dsun.stdout.encoding=UTF-8 -Dsun.stderr.encoding=UTF-8 
java_command: com.shadoww.BookLibraryApp.BookLibraryAppApplication
java_class_path (initial): C:\PROGRAMMING\ideaProjects\BookLibraryApp\target\classes;C:\Users\matro2003\.m2\repository\org\postgresql\postgresql\42.5.4\postgresql-42.5.4.jar;C:\Users\matro2003\.m2\repository\org\checkerframework\checker-qual\3.5.0\checker-qual-3.5.0.jar;C:\Users\matro2003\.m2\repository\org\springframework\boot\spring-boot-starter-data-jdbc\3.0.4\spring-boot-starter-data-jdbc-3.0.4.jar;C:\Users\matro2003\.m2\repository\org\springframework\boot\spring-boot-starter-jdbc\3.0.4\spring-boot-starter-jdbc-3.0.4.jar;C:\Users\matro2003\.m2\repository\com\zaxxer\HikariCP\5.0.1\HikariCP-5.0.1.jar;C:\Users\matro2003\.m2\repository\org\springframework\spring-jdbc\6.0.6\spring-jdbc-6.0.6.jar;C:\Users\matro2003\.m2\repository\org\springframework\data\spring-data-jdbc\3.0.3\spring-data-jdbc-3.0.3.jar;C:\Users\matro2003\.m2\repository\org\springframework\data\spring-data-relational\3.0.3\spring-data-relational-3.0.3.jar;C:\Users\matro2003\.m2\repository\org\springframework\data\spring-data-commons\3.0.3\spring-data-commons-3.0.3.jar;C:\Users\matro2003\.m2\repository\org\springframework\spring-tx\6.0.6\spring-tx-6.0.6.jar;C:\Users\matro2003\.m2\repository\org\springframework\spring-context\6.0.6\spring-context-6.0.6.jar;C:\Users\matro2003\.m2\repository\org\springframework\spring-beans\6.0.6\spring-beans-6.0.6.jar;C:\Users\matro2003\.m2\repository\org\springframework\boot\spring-boot-starter-data-jpa\3.0.4\spring-boot-starter-data-jpa-3.0.4.jar;C:\Users\matro2003\.m2\repository\org\springframework\boot\spring-boot-starter-aop\3.0.4\spring-boot-starter-aop-3.0.4.jar;C:\Users\matro2003\.m2\repository\org\aspectj\aspectjweaver\1.9.19\aspectjweaver-1.9.19.jar;C:\Users\matro2003\.m2\repository\org\hibernate\orm\hibernate-core\6.1.7.Final\hibernate-core-6.1.7.Final.jar;C:\Users\matro2003\.m2\repository\jakarta\persistence\jakarta.persistence-api\3.1.0\jakarta.persistence-api-3.1.0.jar;C:\Users\matro2003\.m2\repository\jakarta\transaction\jakarta.transaction-api\2.0.1\jakarta.transaction-api-2.0.1.jar;C:\Users\matro2003\.m2\repository\org\jboss\logging\jboss-logging\3.5.0.Final\jboss-logging-3.5.0.Final.jar;C:\Users\matro2003\.m2\repository\org\hibernate\common\hibernate-commons-annotations\6.0.6.Final\hibernate-commons-annotations-6.0.6.Final.jar;C:\Users\matro2003\.m2\repository\org\jboss\jandex\2.4.2.Final\jandex-2.4.2.Final.jar;C:\Users\matro2003\.m2\repository\com\fasterxml\classmate\1.5.1\classmate-1.5.1.jar;C:\Users\matro2003\.m2\repository\net\bytebuddy\byte-buddy\1.12.23\byte-buddy-1.12.23.jar;C:\Users\matro2003\.m2\repository\org\glassfish\jaxb\jaxb-runtime\4.0.2\jaxb-runtime-4.0.2.jar;C:\Users\matro2003\.m2\repository\org\glassfish\jaxb\jaxb-core\4.0.2\jaxb-core-4.0.2.jar;C:\Users\matro2003\.m2\repository\org\eclipse\angus\angus-activation\2.0.0\angus-activation-2.0.0.jar;C:\Users\matro2003\.m2\repository\org\glassfish\jaxb\txw2\4.0.2\txw2-4.0.2.jar;C:\Users\matro2003\.m2\repository\com\sun\istack\istack-commons-runtime\4.1.1\istack-commons-runtime-4.1.1.jar;C:\Users\matro2003\.m2\repository\jakarta\inject\jakarta.inject-api\2.0.0\jakarta.inject-api-2.0.0.jar;C:\Users\matro2003\.m2\repository\org\antlr\antlr4-runtime\4.10.1\antlr4-runtime-4.10.1.jar;C:\Users\matro2003\.m2\repository\org\springframework\data\spring-data-jpa\3.0.3\spring-data-jpa-3.0.3.jar;C:\Users\matro2003\.m2\repository\org\springframework\spring-orm\6.0.6\spring-orm-6.0.6.jar;C:\Users\matro2003\.m2\repository\jakarta\annotation\jakarta.annotation-api\2.1.1\jakarta.annotation-api-2.1.1.jar;C:\Users\matro2003\.m2\repository\org\springframework\spring-aspects\6.0.6\spring-aspects-6.0.6.jar;C:\Users\matro2003\.m2\repository\org\springframework\boot\spring-boot-starter-validation\3.0.4\spring-boot-starter-validation-3.0.4.jar;C:\Users\matro2003\.m2\repository\org\springframework\boot\spring-boot-starter\3.0.4\spring-boot-starter-3.0.4.jar;C:\Users\matro2003\.m2\repository\org\springframework\boot\spring-boot\3.0.4\spring-boot-3.0.4.jar;C:\Users\matro2003\.m2\repository\org\springframework\boot\spring-boot-autoconfigure\3.0.4\spring-boot-autoconfigure-3.0.4.jar;C:\Users\matro2003\.m2\repository\org\springframework\boot\spring-boot-starter-logging\3.0.4\spring-boot-starter-logging-3.0.4.jar;C:\Users\matro2003\.m2\repository\ch\qos\logback\logback-classic\1.4.5\logback-classic-1.4.5.jar;C:\Users\matro2003\.m2\repository\ch\qos\logback\logback-core\1.4.5\logback-core-1.4.5.jar;C:\Users\matro2003\.m2\repository\org\apache\logging\log4j\log4j-to-slf4j\2.19.0\log4j-to-slf4j-2.19.0.jar;C:\Users\matro2003\.m2\repository\org\apache\logging\log4j\log4j-api\2.19.0\log4j-api-2.19.0.jar;C:\Users\matro2003\.m2\repository\org\slf4j\jul-to-slf4j\2.0.6\jul-to-slf4j-2.0.6.jar;C:\Users\matro2003\.m2\repository\org\yaml\snakeyaml\1.33\snakeyaml-1.33.jar;C:\Users\matro2003\.m2\repository\org\apache\tomcat\embed\tomcat-embed-el\10.1.5\tomcat-embed-el-10.1.5.jar;C:\Users\matro2003\.m2\repository\org\hibernate\validator\hibernate-validator\8.0.0.Final\hibernate-validator-8.0.0.Final.jar;C:\Users\matro2003\.m2\repository\jakarta\validation\jakarta.validation-api\3.0.2\jakarta.validation-api-3.0.2.jar;C:\Users\matro2003\.m2\repository\org\springframework\boot\spring-boot-starter-thymeleaf\3.0.4\spring-boot-starter-thymeleaf-3.0.4.jar;C:\Users\matro2003\.m2\repository\org\thymeleaf\thymeleaf-spring6\3.1.1.RELEASE\thymeleaf-spring6-3.1.1.RELEASE.jar;C:\Users\matro2003\.m2\repository\org\thymeleaf\thymeleaf\3.1.1.RELEASE\thymeleaf-3.1.1.RELEASE.jar;C:\Users\matro2003\.m2\repository\org\attoparser\attoparser\2.0.6.RELEASE\attoparser-2.0.6.RELEASE.jar;C:\Users\matro2003\.m2\repository\org\unbescape\unbescape\1.1.6.RELEASE\unbescape-1.1.6.RELEASE.jar;C:\Users\matro2003\.m2\repository\org\springframework\boot\spring-boot-starter-web\3.0.4\spring-boot-starter-web-3.0.4.jar;C:\Users\matro2003\.m2\repository\org\springframework\boot\spring-boot-starter-json\3.0.4\spring-boot-starter-json-3.0.4.jar;C:\Users\matro2003\.m2\repository\com\fasterxml\jackson\core\jackson-databind\2.14.2\jackson-databind-2.14.2.jar;C:\Users\matro2003\.m2\repository\com\fasterxml\jackson\core\jackson-annotations\2.14.2\jackson-annotations-2.14.2.jar;C:\Users\matro2003\.m2\repository\com\fasterxml\jackson\datatype\jackson-datatype-jdk8\2.14.2\jackson-datatype-jdk8-2.14.2.jar;C:\Users\matro2003\.m2\repository\com\fasterxml\jackson\datatype\jackson-datatype-jsr310\2.14.2\jackson-datatype-jsr310-2.14.2.jar;C:\Users\matro2003\.m2\repository\com\fasterxml\jackson\module\jackson-module-parameter-names\2.14.2\jackson-module-parameter-names-2.14.2.jar;C:\Users\matro2003\.m2\repository\org\springframework\boot\spring-boot-starter-tomcat\3.0.4\spring-boot-starter-tomcat-3.0.4.jar;C:\Users\matro2003\.m2\repository\org\apache\tomcat\embed\tomcat-embed-core\10.1.5\tomcat-embed-core-10.1.5.jar;C:\Users\matro2003\.m2\repository\org\apache\tomcat\embed\tomcat-embed-websocket\10.1.5\tomcat-embed-websocket-10.1.5.jar;C:\Users\matro2003\.m2\repository\org\springframework\spring-web\6.0.6\spring-web-6.0.6.jar;C:\Users\matro2003\.m2\repository\io\micrometer\micrometer-observation\1.10.4\micrometer-observation-1.10.4.jar;C:\Users\matro2003\.m2\repository\io\micrometer\micrometer-commons\1.10.4\micrometer-commons-1.10.4.jar;C:\Users\matro2003\.m2\repository\org\springframework\spring-webmvc\6.0.6\spring-webmvc-6.0.6.jar;C:\Users\matro2003\.m2\repository\org\springframework\spring-expression\6.0.6\spring-expression-6.0.6.jar;C:\Users\matro2003\.m2\repository\org\projectlombok\lombok\1.18.26\lombok-1.18.26.jar;C:\Users\matro2003\.m2\repository\jakarta\xml\bind\jakarta.xml.bind-api\4.0.0\jakarta.xml.bind-api-4.0.0.jar;C:\Users\matro2003\.m2\repository\jakarta\activation\jakarta.activation-api\2.1.1\jakarta.activation-api-2.1.1.jar;C:\Users\matro2003\.m2\repository\org\springframework\spring-core\6.0.6\spring-core-6.0.6.jar;C:\Users\matro2003\.m2\repository\org\springframework\spring-jcl\6.0.6\spring-jcl-6.0.6.jar;C:\Users\matro2003\.m2\repository\org\jsoup\jsoup\1.15.4\jsoup-1.15.4.jar;C:\Users\matro2003\.m2\repository\com\fasterxml\jackson\core\jackson-core\2.14.2\jackson-core-2.14.2.jar;C:\Users\matro2003\.m2\repository\org\springframework\boot\spring-boot-starter-security\3.0.4\spring-boot-starter-security-3.0.4.jar;C:\Users\matro2003\.m2\repository\org\springframework\spring-aop\6.0.6\spring-aop-6.0.6.jar;C:\Users\matro2003\.m2\repository\org\springframework\security\spring-security-config\6.0.2\spring-security-config-6.0.2.jar;C:\Users\matro2003\.m2\repository\org\springframework\security\spring-security-core\6.0.2\spring-security-core-6.0.2.jar;C:\Users\matro2003\.m2\repository\org\springframework\security\spring-security-crypto\6.0.2\spring-security-crypto-6.0.2.jar;C:\Users\matro2003\.m2\repository\org\springframework\security\spring-security-web\6.0.2\spring-security-web-6.0.2.jar;C:\Users\matro2003\.m2\repository\org\thymeleaf\extras\thymeleaf-extras-springsecurity6\3.1.1.RELEASE\thymeleaf-extras-springsecurity6-3.1.1.RELEASE.jar;C:\Users\matro2003\.m2\repository\org\slf4j\slf4j-api\2.0.6\slf4j-api-2.0.6.jar;C:\Users\matro2003\.m2\repository\org\jaudiotagger\2.0.3\jaudiotagger-2.0.3.jar;C:\Users\matro2003\.m2\repository\org\apache\httpcomponents\client5\httpclient5\5.0.3\httpclient5-5.0.3.jar;C:\Users\matro2003\.m2\repository\org\apache\httpcomponents\core5\httpcore5\5.1.5\httpcore5-5.1.5.jar;C:\Users\matro2003\.m2\repository\org\apache\httpcomponents\core5\httpcore5-h2\5.1.5\httpcore5-h2-5.1.5.jar;C:\Users\matro2003\.m2\repository\commons-codec\commons-codec\1.15\commons-codec-1.15.jar;C:\Users\matro2003\.m2\repository\com\itextpdf\itextpdf\5.5.13.3\itextpdf-5.5.13.3.jar
Launcher Type: SUN_STANDARD

[Global flags]
     intx CICompilerCount                          = 4                                         {product} {ergonomic}
     uint ConcGCThreads                            = 2                                         {product} {ergonomic}
     uint G1ConcRefinementThreads                  = 8                                         {product} {ergonomic}
   size_t G1HeapRegionSize                         = 1048576                                   {product} {ergonomic}
    uintx GCDrainStackTargetSize                   = 64                                        {product} {ergonomic}
   size_t InitialHeapSize                          = 132120576                                 {product} {ergonomic}
     bool ManagementServer                         = true                                      {product} {command line}
   size_t MarkStackSize                            = 4194304                                   {product} {ergonomic}
   size_t MaxHeapSize                              = 2107637760                                {product} {ergonomic}
   size_t MaxNewSize                               = 1264582656                                {product} {ergonomic}
   size_t MinHeapDeltaBytes                        = 1048576                                   {product} {ergonomic}
   size_t MinHeapSize                              = 8388608                                   {product} {ergonomic}
    uintx NonProfiledCodeHeapSize                  = 0                                      {pd product} {ergonomic}
     bool ProfileInterpreter                       = false                                  {pd product} {command line}
    uintx ProfiledCodeHeapSize                     = 0                                      {pd product} {ergonomic}
   size_t SoftMaxHeapSize                          = 2107637760                             {manageable} {ergonomic}
     intx TieredStopAtLevel                        = 1                                         {product} {command line}
     bool UseCompressedClassPointers               = true                           {product lp64_product} {ergonomic}
     bool UseCompressedOops                        = true                           {product lp64_product} {ergonomic}
     bool UseG1GC                                  = true                                      {product} {ergonomic}
     bool UseLargePagesIndividualAllocation        = false                                  {pd product} {ergonomic}

Logging:
Log output configuration:
 #0: stdout all=warning uptime,level,tags foldmultilines=false
 #1: stderr all=off uptime,level,tags foldmultilines=false

Environment Variables:
PATH=C:\ProgramData\Oracle\Java\javapath;C:\Program Files (x86)\Common Files\Oracle\Java\javapath;C:\Windows\system32;C:\Windows;C:\Windows\System32\Wbem;C:\Windows\System32\WindowsPowerShell\v1.0\;C:\Windows\System32\OpenSSH\;C:\Program Files (x86)\Intel\Intel(R) Management Engine Components\DAL;C:\Program Files\Intel\Intel(R) Management Engine Components\DAL;C:\Program Files (x86)\NVIDIA Corporation\PhysX\Common;C:\Program Files\NVIDIA Corporation\NVIDIA NvDLISR;C:\Program Files\Microsoft SQL Server\130\Tools\Binn\;C:\Program Files\Git\cmd;C:\WINDOWS\system32;C:\WINDOWS;C:\WINDOWS\System32\Wbem;C:\WINDOWS\System32\WindowsPowerShell\v1.0\;C:\WINDOWS\System32\OpenSSH\;C:\Program Files\nodejs\;C:\Users\matro2003\AppData\Local\Programs\Python\Python39;C:\Users\matro2003\AppData\Local\Programs\Python\Python39\Scripts;C:\Program Files (x86)\Java\jdk1.8.0_131\bin;C:\Program Files\Microsoft SQL Server\Client SDK\ODBC\170\Tools\Binn\;C:\Program Files (x86)\Microsoft SQL Server\150\Tools\Binn\;C:\Program Files\Microsoft SQL Server\150\Tools\Binn\;C:\Program Files\Microsoft SQL Server\150\DTS\Binn\;C:\Program Files\dotnet\;C:\Program Files\MySQL\MySQL Shell 8.0\bin\;C:\Users\matro2003\AppData\Local\Microsoft\WindowsApps;C:\Program Files\JetBrains\CLion 2019.3.2\bin;C:\Program Files\JetBrains\IntelliJ IDEA Community Edition 2020.1\bin;C:\Program Files\JetBrains\IntelliJ IDEA 2020.3.1\bin;;C:\Program Files (x86)\Java\jdk1.8.0_131\bin;;C:\Users\matro2003\AppData\Local\Microsoft\WindowsApps;C:\Users\matro2003\AppData\Local\Programs\Microsoft VS Code\bin;C:\Users\matro2003\AppData\Roaming\npm;C:\Program Files\JetBrains\PyCharm Community Edition 2021.2.1\bin;;C:\Program Files\Azure Data Studio\bin;C:\Program Files\heroku\bin
USERNAME=matro2003
OS=Windows_NT
PROCESSOR_IDENTIFIER=Intel64 Family 6 Model 158 Stepping 10, GenuineIntel
TMP=C:\Users\MATRO2~1\AppData\Local\Temp
TEMP=C:\Users\MATRO2~1\AppData\Local\Temp



---------------  S Y S T E M  ---------------

OS:
 Windows 10 , 64 bit Build 19041 (10.0.19041.2364)
OS uptime: 0 days 5:17 hours

CPU: total 8 (initial active 8) (4 cores per cpu, 2 threads per core) family 6 model 158 stepping 10 microcode 0xb4, cx8, cmov, fxsr, ht, mmx, 3dnowpref, sse, sse2, sse3, ssse3, sse4.1, sse4.2, popcnt, lzcnt, tsc, tscinvbit, avx, avx2, aes, erms, clmul, bmi1, bmi2, adx, fma, vzeroupper, clflush, clflushopt, rdtscp

Memory: 4k page, system-wide physical 8034M (627M free)
TotalPageFile size 13994M (AvailPageFile size 170M)
current process WorkingSet (physical memory assigned to process): 296M, peak: 296M
current process commit charge ("private bytes"): 373M, peak: 616M

vm_info: OpenJDK 64-Bit Server VM (19.0.1+10-21) for windows-amd64 JRE (19.0.1+10-21), built on 2022-09-14T12:45:06Z by "mach5one" with MS VC++ 17.1 (VS2022)

END.
